\BOOKMARK [0][-]{chapter.1}{\376\377\000T\000h\000e\000\040\000L\000S\000-\000C\000A\000T\000\040\000p\000g\000p\000m\000a\000c\000\040\000P\000r\000o\000j\000e\000c\000t}{}
\BOOKMARK [0][-]{chapter.2}{\376\377\000D\000a\000t\000a\000\040\000S\000t\000r\000u\000c\000t\000u\000r\000e\000\040\000I\000n\000d\000e\000x}{}
\BOOKMARK [1][-]{section.2.1}{\376\377\000D\000a\000t\000a\000\040\000S\000t\000r\000u\000c\000t\000u\000r\000e\000s}{chapter.2}
\BOOKMARK [0][-]{chapter.3}{\376\377\000F\000i\000l\000e\000\040\000I\000n\000d\000e\000x}{}
\BOOKMARK [1][-]{section.3.1}{\376\377\000F\000i\000l\000e\000\040\000L\000i\000s\000t}{chapter.3}
\BOOKMARK [0][-]{chapter.4}{\376\377\000D\000a\000t\000a\000\040\000S\000t\000r\000u\000c\000t\000u\000r\000e\000\040\000D\000o\000c\000u\000m\000e\000n\000t\000a\000t\000i\000o\000n}{}
\BOOKMARK [1][-]{section.4.1}{\376\377\000l\000s\000p\000g\000\137\000l\000o\000c\000k\000\137\000d\000e\000t\000e\000c\000t\000o\000r\000\137\000s\000t\000r\000u\000c\000t\000\040\000S\000t\000r\000u\000c\000t\000\040\000R\000e\000f\000e\000r\000e\000n\000c\000e}{chapter.4}
\BOOKMARK [2][-]{subsection.4.1.1}{\376\377\000D\000e\000t\000a\000i\000l\000e\000d\000\040\000D\000e\000s\000c\000r\000i\000p\000t\000i\000o\000n}{section.4.1}
\BOOKMARK [2][-]{subsection.4.1.2}{\376\377\000F\000i\000e\000l\000d\000\040\000D\000o\000c\000u\000m\000e\000n\000t\000a\000t\000i\000o\000n}{section.4.1}
\BOOKMARK [3][-]{subsubsection.4.1.2.1}{\376\377\000c\000o\000n\000d}{subsection.4.1.2}
\BOOKMARK [3][-]{subsubsection.4.1.2.2}{\376\377\000m\000u\000t\000e\000x}{subsection.4.1.2}
\BOOKMARK [3][-]{subsubsection.4.1.2.3}{\376\377\000n\000e\000w\000\137\000v\000a\000l\000u\000e\000\137\000r\000e\000a\000d\000y}{subsection.4.1.2}
\BOOKMARK [1][-]{section.4.2}{\376\377\000l\000s\000p\000g\000\137\000l\000o\000c\000k\000\137\000d\000i\000f\000f\000r\000a\000c\000t\000o\000m\000e\000t\000e\000r\000\137\000s\000t\000r\000u\000c\000t\000\040\000S\000t\000r\000u\000c\000t\000\040\000R\000e\000f\000e\000r\000e\000n\000c\000e}{chapter.4}
\BOOKMARK [2][-]{subsection.4.2.1}{\376\377\000D\000e\000t\000a\000i\000l\000e\000d\000\040\000D\000e\000s\000c\000r\000i\000p\000t\000i\000o\000n}{section.4.2}
\BOOKMARK [2][-]{subsection.4.2.2}{\376\377\000F\000i\000e\000l\000d\000\040\000D\000o\000c\000u\000m\000e\000n\000t\000a\000t\000i\000o\000n}{section.4.2}
\BOOKMARK [3][-]{subsubsection.4.2.2.1}{\376\377\000c\000o\000n\000d}{subsection.4.2.2}
\BOOKMARK [3][-]{subsubsection.4.2.2.2}{\376\377\000m\000u\000t\000e\000x}{subsection.4.2.2}
\BOOKMARK [3][-]{subsubsection.4.2.2.3}{\376\377\000n\000e\000w\000\137\000v\000a\000l\000u\000e\000\137\000r\000e\000a\000d\000y}{subsection.4.2.2}
\BOOKMARK [1][-]{section.4.3}{\376\377\000l\000s\000p\000g\000\137\000n\000e\000x\000t\000s\000h\000o\000t\000\137\000s\000t\000r\000u\000c\000t\000\040\000S\000t\000r\000u\000c\000t\000\040\000R\000e\000f\000e\000r\000e\000n\000c\000e}{chapter.4}
\BOOKMARK [2][-]{subsection.4.3.1}{\376\377\000D\000e\000t\000a\000i\000l\000e\000d\000\040\000D\000e\000s\000c\000r\000i\000p\000t\000i\000o\000n}{section.4.3}
\BOOKMARK [2][-]{subsection.4.3.2}{\376\377\000F\000i\000e\000l\000d\000\040\000D\000o\000c\000u\000m\000e\000n\000t\000a\000t\000i\000o\000n}{section.4.3}
\BOOKMARK [3][-]{subsubsection.4.3.2.1}{\376\377\000a\000c\000t\000i\000v\000e}{subsection.4.3.2}
\BOOKMARK [3][-]{subsubsection.4.3.2.2}{\376\377\000a\000c\000t\000i\000v\000e\0002}{subsection.4.3.2}
\BOOKMARK [3][-]{subsubsection.4.3.2.3}{\376\377\000a\000c\000t\000i\000v\000e\0002\000\137\000i\000s\000n\000u\000l\000l}{subsection.4.3.2}
\BOOKMARK [3][-]{subsubsection.4.3.2.4}{\376\377\000a\000c\000t\000i\000v\000e\000\137\000i\000s\000n\000u\000l\000l}{subsection.4.3.2}
\BOOKMARK [3][-]{subsubsection.4.3.2.5}{\376\377\000a\000x}{subsection.4.3.2}
\BOOKMARK [3][-]{subsubsection.4.3.2.6}{\376\377\000a\000x\0002}{subsection.4.3.2}
\BOOKMARK [3][-]{subsubsection.4.3.2.7}{\376\377\000a\000x\0002\000\137\000i\000s\000n\000u\000l\000l}{subsection.4.3.2}
\BOOKMARK [3][-]{subsubsection.4.3.2.8}{\376\377\000a\000x\000\137\000i\000s\000n\000u\000l\000l}{subsection.4.3.2}
\BOOKMARK [3][-]{subsubsection.4.3.2.9}{\376\377\000a\000y}{subsection.4.3.2}
\BOOKMARK [3][-]{subsubsection.4.3.2.10}{\376\377\000a\000y\0002}{subsection.4.3.2}
\BOOKMARK [3][-]{subsubsection.4.3.2.11}{\376\377\000a\000y\0002\000\137\000i\000s\000n\000u\000l\000l}{subsection.4.3.2}
\BOOKMARK [3][-]{subsubsection.4.3.2.12}{\376\377\000a\000y\000\137\000i\000s\000n\000u\000l\000l}{subsection.4.3.2}
\BOOKMARK [3][-]{subsubsection.4.3.2.13}{\376\377\000a\000z}{subsection.4.3.2}
\BOOKMARK [3][-]{subsubsection.4.3.2.14}{\376\377\000a\000z\0002}{subsection.4.3.2}
\BOOKMARK [3][-]{subsubsection.4.3.2.15}{\376\377\000a\000z\0002\000\137\000i\000s\000n\000u\000l\000l}{subsection.4.3.2}
\BOOKMARK [3][-]{subsubsection.4.3.2.16}{\376\377\000a\000z\000\137\000i\000s\000n\000u\000l\000l}{subsection.4.3.2}
\BOOKMARK [3][-]{subsubsection.4.3.2.17}{\376\377\000c\000o\000n\000d}{subsection.4.3.2}
\BOOKMARK [3][-]{subsubsection.4.3.2.18}{\376\377\000c\000x}{subsection.4.3.2}
\BOOKMARK [3][-]{subsubsection.4.3.2.19}{\376\377\000c\000x\0002}{subsection.4.3.2}
\BOOKMARK [3][-]{subsubsection.4.3.2.20}{\376\377\000c\000x\0002\000\137\000i\000s\000n\000u\000l\000l}{subsection.4.3.2}
\BOOKMARK [3][-]{subsubsection.4.3.2.21}{\376\377\000c\000x\000\137\000i\000s\000n\000u\000l\000l}{subsection.4.3.2}
\BOOKMARK [3][-]{subsubsection.4.3.2.22}{\376\377\000c\000y}{subsection.4.3.2}
\BOOKMARK [3][-]{subsubsection.4.3.2.23}{\376\377\000c\000y\0002}{subsection.4.3.2}
\BOOKMARK [3][-]{subsubsection.4.3.2.24}{\376\377\000c\000y\0002\000\137\000i\000s\000n\000u\000l\000l}{subsection.4.3.2}
\BOOKMARK [3][-]{subsubsection.4.3.2.25}{\376\377\000c\000y\000\137\000i\000s\000n\000u\000l\000l}{subsection.4.3.2}
\BOOKMARK [3][-]{subsubsection.4.3.2.26}{\376\377\000d\000s\000d\000i\000r}{subsection.4.3.2}
\BOOKMARK [3][-]{subsubsection.4.3.2.27}{\376\377\000d\000s\000d\000i\000r\000\137\000i\000s\000n\000u\000l\000l}{subsection.4.3.2}
\BOOKMARK [3][-]{subsubsection.4.3.2.28}{\376\377\000d\000s\000d\000i\000s\000t}{subsection.4.3.2}
\BOOKMARK [3][-]{subsubsection.4.3.2.29}{\376\377\000d\000s\000d\000i\000s\000t\0002}{subsection.4.3.2}
\BOOKMARK [3][-]{subsubsection.4.3.2.30}{\376\377\000d\000s\000d\000i\000s\000t\0002\000\137\000i\000s\000n\000u\000l\000l}{subsection.4.3.2}
\BOOKMARK [3][-]{subsubsection.4.3.2.31}{\376\377\000d\000s\000d\000i\000s\000t\000\137\000i\000s\000n\000u\000l\000l}{subsection.4.3.2}
\BOOKMARK [3][-]{subsubsection.4.3.2.32}{\376\377\000d\000s\000e\000x\000p}{subsection.4.3.2}
\BOOKMARK [3][-]{subsubsection.4.3.2.33}{\376\377\000d\000s\000e\000x\000p\0002}{subsection.4.3.2}
\BOOKMARK [3][-]{subsubsection.4.3.2.34}{\376\377\000d\000s\000e\000x\000p\0002\000\137\000i\000s\000n\000u\000l\000l}{subsection.4.3.2}
\BOOKMARK [3][-]{subsubsection.4.3.2.35}{\376\377\000d\000s\000e\000x\000p\000\137\000i\000s\000n\000u\000l\000l}{subsection.4.3.2}
\BOOKMARK [3][-]{subsubsection.4.3.2.36}{\376\377\000d\000s\000h\000p\000i\000d}{subsection.4.3.2}
\BOOKMARK [3][-]{subsubsection.4.3.2.37}{\376\377\000d\000s\000h\000p\000i\000d\000\137\000i\000s\000n\000u\000l\000l}{subsection.4.3.2}
\BOOKMARK [3][-]{subsubsection.4.3.2.38}{\376\377\000d\000s\000k\000a\000p\000p\000a}{subsection.4.3.2}
\BOOKMARK [3][-]{subsubsection.4.3.2.39}{\376\377\000d\000s\000k\000a\000p\000p\000a\0002}{subsection.4.3.2}
\BOOKMARK [3][-]{subsubsection.4.3.2.40}{\376\377\000d\000s\000k\000a\000p\000p\000a\0002\000\137\000i\000s\000n\000u\000l\000l}{subsection.4.3.2}
\BOOKMARK [3][-]{subsubsection.4.3.2.41}{\376\377\000d\000s\000k\000a\000p\000p\000a\000\137\000i\000s\000n\000u\000l\000l}{subsection.4.3.2}
\BOOKMARK [3][-]{subsubsection.4.3.2.42}{\376\377\000d\000s\000n\000r\000g}{subsection.4.3.2}
\BOOKMARK [3][-]{subsubsection.4.3.2.43}{\376\377\000d\000s\000n\000r\000g\0002}{subsection.4.3.2}
\BOOKMARK [3][-]{subsubsection.4.3.2.44}{\376\377\000d\000s\000n\000r\000g\0002\000\137\000i\000s\000n\000u\000l\000l}{subsection.4.3.2}
\BOOKMARK [3][-]{subsubsection.4.3.2.45}{\376\377\000d\000s\000n\000r\000g\000\137\000i\000s\000n\000u\000l\000l}{subsection.4.3.2}
\BOOKMARK [3][-]{subsubsection.4.3.2.46}{\376\377\000d\000s\000o\000m\000e\000g\000a}{subsection.4.3.2}
\BOOKMARK [3][-]{subsubsection.4.3.2.47}{\376\377\000d\000s\000o\000m\000e\000g\000a\0002}{subsection.4.3.2}
\BOOKMARK [3][-]{subsubsection.4.3.2.48}{\376\377\000d\000s\000o\000m\000e\000g\000a\0002\000\137\000i\000s\000n\000u\000l\000l}{subsection.4.3.2}
\BOOKMARK [3][-]{subsubsection.4.3.2.49}{\376\377\000d\000s\000o\000m\000e\000g\000a\000\137\000i\000s\000n\000u\000l\000l}{subsection.4.3.2}
\BOOKMARK [3][-]{subsubsection.4.3.2.50}{\376\377\000d\000s\000o\000s\000c\000a\000x\000i\000s}{subsection.4.3.2}
\BOOKMARK [3][-]{subsubsection.4.3.2.51}{\376\377\000d\000s\000o\000s\000c\000a\000x\000i\000s\0002}{subsection.4.3.2}
\BOOKMARK [3][-]{subsubsection.4.3.2.52}{\376\377\000d\000s\000o\000s\000c\000a\000x\000i\000s\0002\000\137\000i\000s\000n\000u\000l\000l}{subsection.4.3.2}
\BOOKMARK [3][-]{subsubsection.4.3.2.53}{\376\377\000d\000s\000o\000s\000c\000a\000x\000i\000s\000\137\000i\000s\000n\000u\000l\000l}{subsection.4.3.2}
\BOOKMARK [3][-]{subsubsection.4.3.2.54}{\376\377\000d\000s\000o\000w\000i\000d\000t\000h}{subsection.4.3.2}
\BOOKMARK [3][-]{subsubsection.4.3.2.55}{\376\377\000d\000s\000o\000w\000i\000d\000t\000h\0002}{subsection.4.3.2}
\BOOKMARK [3][-]{subsubsection.4.3.2.56}{\376\377\000d\000s\000o\000w\000i\000d\000t\000h\0002\000\137\000i\000s\000n\000u\000l\000l}{subsection.4.3.2}
\BOOKMARK [3][-]{subsubsection.4.3.2.57}{\376\377\000d\000s\000o\000w\000i\000d\000t\000h\000\137\000i\000s\000n\000u\000l\000l}{subsection.4.3.2}
\BOOKMARK [3][-]{subsubsection.4.3.2.58}{\376\377\000d\000s\000p\000h\000i}{subsection.4.3.2}
\BOOKMARK [3][-]{subsubsection.4.3.2.59}{\376\377\000d\000s\000p\000h\000i\0002}{subsection.4.3.2}
\BOOKMARK [3][-]{subsubsection.4.3.2.60}{\376\377\000d\000s\000p\000h\000i\0002\000\137\000i\000s\000n\000u\000l\000l}{subsection.4.3.2}
\BOOKMARK [3][-]{subsubsection.4.3.2.61}{\376\377\000d\000s\000p\000h\000i\000\137\000i\000s\000n\000u\000l\000l}{subsection.4.3.2}
\BOOKMARK [3][-]{subsubsection.4.3.2.62}{\376\377\000d\000s\000p\000i\000d}{subsection.4.3.2}
\BOOKMARK [3][-]{subsubsection.4.3.2.63}{\376\377\000d\000s\000p\000i\000d\000\137\000i\000s\000n\000u\000l\000l}{subsection.4.3.2}
\BOOKMARK [3][-]{subsubsection.4.3.2.64}{\376\377\000m\000u\000t\000e\000x}{subsection.4.3.2}
\BOOKMARK [3][-]{subsubsection.4.3.2.65}{\376\377\000n\000e\000w\000\137\000v\000a\000l\000u\000e\000\137\000r\000e\000a\000d\000y}{subsection.4.3.2}
\BOOKMARK [3][-]{subsubsection.4.3.2.66}{\376\377\000n\000o\000\137\000r\000o\000w\000s\000\137\000r\000e\000t\000u\000r\000n\000e\000d}{subsection.4.3.2}
\BOOKMARK [3][-]{subsubsection.4.3.2.67}{\376\377\000s\000f\000n}{subsection.4.3.2}
\BOOKMARK [3][-]{subsubsection.4.3.2.68}{\376\377\000s\000f\000n\000\137\000i\000s\000n\000u\000l\000l}{subsection.4.3.2}
\BOOKMARK [3][-]{subsubsection.4.3.2.69}{\376\377\000s\000i\000n\000d\000e\000x}{subsection.4.3.2}
\BOOKMARK [3][-]{subsubsection.4.3.2.70}{\376\377\000s\000i\000n\000d\000e\000x\0002}{subsection.4.3.2}
\BOOKMARK [3][-]{subsubsection.4.3.2.71}{\376\377\000s\000i\000n\000d\000e\000x\0002\000\137\000i\000s\000n\000u\000l\000l}{subsection.4.3.2}
\BOOKMARK [3][-]{subsubsection.4.3.2.72}{\376\377\000s\000i\000n\000d\000e\000x\000\137\000i\000s\000n\000u\000l\000l}{subsection.4.3.2}
\BOOKMARK [3][-]{subsubsection.4.3.2.73}{\376\377\000s\000k\000e\000y}{subsection.4.3.2}
\BOOKMARK [3][-]{subsubsection.4.3.2.74}{\376\377\000s\000k\000e\000y\000\137\000i\000s\000n\000u\000l\000l}{subsection.4.3.2}
\BOOKMARK [3][-]{subsubsection.4.3.2.75}{\376\377\000s\000s\000t\000a\000r\000t}{subsection.4.3.2}
\BOOKMARK [3][-]{subsubsection.4.3.2.76}{\376\377\000s\000s\000t\000a\000r\000t\0002}{subsection.4.3.2}
\BOOKMARK [3][-]{subsubsection.4.3.2.77}{\376\377\000s\000s\000t\000a\000r\000t\0002\000\137\000i\000s\000n\000u\000l\000l}{subsection.4.3.2}
\BOOKMARK [3][-]{subsubsection.4.3.2.78}{\376\377\000s\000s\000t\000a\000r\000t\000\137\000i\000s\000n\000u\000l\000l}{subsection.4.3.2}
\BOOKMARK [3][-]{subsubsection.4.3.2.79}{\376\377\000s\000t\000y\000p\000e}{subsection.4.3.2}
\BOOKMARK [3][-]{subsubsection.4.3.2.80}{\376\377\000s\000t\000y\000p\000e\0002}{subsection.4.3.2}
\BOOKMARK [3][-]{subsubsection.4.3.2.81}{\376\377\000s\000t\000y\000p\000e\0002\000\137\000i\000s\000n\000u\000l\000l}{subsection.4.3.2}
\BOOKMARK [3][-]{subsubsection.4.3.2.82}{\376\377\000s\000t\000y\000p\000e\000\137\000i\000s\000n\000u\000l\000l}{subsection.4.3.2}
\BOOKMARK [1][-]{section.4.4}{\376\377\000l\000s\000p\000g\000\137\000s\000e\000q\000\137\000r\000u\000n\000\137\000p\000r\000e\000p\000\137\000s\000t\000r\000u\000c\000t\000\040\000S\000t\000r\000u\000c\000t\000\040\000R\000e\000f\000e\000r\000e\000n\000c\000e}{chapter.4}
\BOOKMARK [2][-]{subsection.4.4.1}{\376\377\000D\000e\000t\000a\000i\000l\000e\000d\000\040\000D\000e\000s\000c\000r\000i\000p\000t\000i\000o\000n}{section.4.4}
\BOOKMARK [2][-]{subsection.4.4.2}{\376\377\000F\000i\000e\000l\000d\000\040\000D\000o\000c\000u\000m\000e\000n\000t\000a\000t\000i\000o\000n}{section.4.4}
\BOOKMARK [3][-]{subsubsection.4.4.2.1}{\376\377\000c\000o\000n\000d}{subsection.4.4.2}
\BOOKMARK [3][-]{subsubsection.4.4.2.2}{\376\377\000m\000u\000t\000e\000x}{subsection.4.4.2}
\BOOKMARK [3][-]{subsubsection.4.4.2.3}{\376\377\000n\000e\000w\000\137\000v\000a\000l\000u\000e\000\137\000r\000e\000a\000d\000y}{subsection.4.4.2}
\BOOKMARK [1][-]{section.4.5}{\376\377\000l\000s\000p\000g\000\137\000w\000a\000i\000t\000\137\000f\000o\000r\000\137\000d\000e\000t\000e\000c\000t\000o\000r\000\137\000s\000t\000r\000u\000c\000t\000\040\000S\000t\000r\000u\000c\000t\000\040\000R\000e\000f\000e\000r\000e\000n\000c\000e}{chapter.4}
\BOOKMARK [2][-]{subsection.4.5.1}{\376\377\000D\000e\000t\000a\000i\000l\000e\000d\000\040\000D\000e\000s\000c\000r\000i\000p\000t\000i\000o\000n}{section.4.5}
\BOOKMARK [2][-]{subsection.4.5.2}{\376\377\000F\000i\000e\000l\000d\000\040\000D\000o\000c\000u\000m\000e\000n\000t\000a\000t\000i\000o\000n}{section.4.5}
\BOOKMARK [3][-]{subsubsection.4.5.2.1}{\376\377\000c\000o\000n\000d}{subsection.4.5.2}
\BOOKMARK [3][-]{subsubsection.4.5.2.2}{\376\377\000m\000u\000t\000e\000x}{subsection.4.5.2}
\BOOKMARK [3][-]{subsubsection.4.5.2.3}{\376\377\000n\000e\000w\000\137\000v\000a\000l\000u\000e\000\137\000r\000e\000a\000d\000y}{subsection.4.5.2}
\BOOKMARK [1][-]{section.4.6}{\376\377\000l\000s\000p\000g\000Q\000u\000e\000r\000y\000Q\000u\000e\000u\000e\000S\000t\000r\000u\000c\000t\000\040\000S\000t\000r\000u\000c\000t\000\040\000R\000e\000f\000e\000r\000e\000n\000c\000e}{chapter.4}
\BOOKMARK [2][-]{subsection.4.6.1}{\376\377\000D\000e\000t\000a\000i\000l\000e\000d\000\040\000D\000e\000s\000c\000r\000i\000p\000t\000i\000o\000n}{section.4.6}
\BOOKMARK [2][-]{subsection.4.6.2}{\376\377\000F\000i\000e\000l\000d\000\040\000D\000o\000c\000u\000m\000e\000n\000t\000a\000t\000i\000o\000n}{section.4.6}
\BOOKMARK [3][-]{subsubsection.4.6.2.1}{\376\377\000o\000n\000R\000e\000s\000p\000o\000n\000s\000e}{subsection.4.6.2}
\BOOKMARK [3][-]{subsubsection.4.6.2.2}{\376\377\000q\000s}{subsection.4.6.2}
\BOOKMARK [1][-]{section.4.7}{\376\377\000l\000s\000p\000m\000a\000c\000\137\000c\000m\000d\000\137\000q\000u\000e\000u\000e\000\137\000s\000t\000r\000u\000c\000t\000\040\000S\000t\000r\000u\000c\000t\000\040\000R\000e\000f\000e\000r\000e\000n\000c\000e}{chapter.4}
\BOOKMARK [2][-]{subsection.4.7.1}{\376\377\000D\000e\000t\000a\000i\000l\000e\000d\000\040\000D\000e\000s\000c\000r\000i\000p\000t\000i\000o\000n}{section.4.7}
\BOOKMARK [2][-]{subsection.4.7.2}{\376\377\000F\000i\000e\000l\000d\000\040\000D\000o\000c\000u\000m\000e\000n\000t\000a\000t\000i\000o\000n}{section.4.7}
\BOOKMARK [3][-]{subsubsection.4.7.2.1}{\376\377\000n\000o\000\137\000r\000e\000p\000l\000y}{subsection.4.7.2}
\BOOKMARK [3][-]{subsubsection.4.7.2.2}{\376\377\000o\000n\000R\000e\000s\000p\000o\000n\000s\000e}{subsection.4.7.2}
\BOOKMARK [3][-]{subsubsection.4.7.2.3}{\376\377\000p\000c\000m\000d}{subsection.4.7.2}
\BOOKMARK [3][-]{subsubsection.4.7.2.4}{\376\377\000r\000b\000u\000f\000f}{subsection.4.7.2}
\BOOKMARK [3][-]{subsubsection.4.7.2.5}{\376\377\000t\000i\000m\000e\000\137\000s\000e\000n\000t}{subsection.4.7.2}
\BOOKMARK [1][-]{section.4.8}{\376\377\000l\000s\000p\000m\000a\000c\000\137\000m\000o\000t\000o\000r\000\137\000s\000t\000r\000u\000c\000t\000\040\000S\000t\000r\000u\000c\000t\000\040\000R\000e\000f\000e\000r\000e\000n\000c\000e}{chapter.4}
\BOOKMARK [2][-]{subsection.4.8.1}{\376\377\000D\000e\000t\000a\000i\000l\000e\000d\000\040\000D\000e\000s\000c\000r\000i\000p\000t\000i\000o\000n}{section.4.8}
\BOOKMARK [2][-]{subsection.4.8.2}{\376\377\000F\000i\000e\000l\000d\000\040\000D\000o\000c\000u\000m\000e\000n\000t\000a\000t\000i\000o\000n}{section.4.8}
\BOOKMARK [3][-]{subsubsection.4.8.2.1}{\376\377\000a\000c\000t\000u\000a\000l\000\137\000p\000o\000s\000\137\000c\000n\000t\000s\000\137\000p}{subsection.4.8.2}
\BOOKMARK [3][-]{subsubsection.4.8.2.2}{\376\377\000c\000o\000n\000d}{subsection.4.8.2}
\BOOKMARK [3][-]{subsubsection.4.8.2.3}{\376\377\000d\000a\000c\000\137\000m\000v\000a\000r}{subsection.4.8.2}
\BOOKMARK [3][-]{subsubsection.4.8.2.4}{\376\377\000f\000o\000r\000m\000a\000t}{subsection.4.8.2}
\BOOKMARK [3][-]{subsubsection.4.8.2.5}{\376\377\000l\000u\000t}{subsection.4.8.2}
\BOOKMARK [3][-]{subsubsection.4.8.2.6}{\376\377\000m\000a\000x\000\137\000a\000c\000c\000e\000l}{subsection.4.8.2}
\BOOKMARK [3][-]{subsubsection.4.8.2.7}{\376\377\000m\000a\000x\000\137\000s\000p\000e\000e\000d}{subsection.4.8.2}
\BOOKMARK [3][-]{subsubsection.4.8.2.8}{\376\377\000m\000o\000t\000i\000o\000n\000\137\000s\000e\000e\000n}{subsection.4.8.2}
\BOOKMARK [3][-]{subsubsection.4.8.2.9}{\376\377\000m\000o\000t\000o\000r\000\137\000n\000u\000m}{subsection.4.8.2}
\BOOKMARK [3][-]{subsubsection.4.8.2.10}{\376\377\000m\000o\000v\000e\000A\000b\000s}{subsection.4.8.2}
\BOOKMARK [3][-]{subsubsection.4.8.2.11}{\376\377\000m\000u\000t\000e\000x}{subsection.4.8.2}
\BOOKMARK [3][-]{subsubsection.4.8.2.12}{\376\377\000n\000a\000m\000e}{subsection.4.8.2}
\BOOKMARK [3][-]{subsubsection.4.8.2.13}{\376\377\000n\000l\000u\000t}{subsection.4.8.2}
\BOOKMARK [3][-]{subsubsection.4.8.2.14}{\376\377\000n\000o\000t\000\137\000d\000o\000n\000e}{subsection.4.8.2}
\BOOKMARK [3][-]{subsubsection.4.8.2.15}{\376\377\000p\000o\000s\000i\000t\000i\000o\000n}{subsection.4.8.2}
\BOOKMARK [3][-]{subsubsection.4.8.2.16}{\376\377\000p\000q}{subsection.4.8.2}
\BOOKMARK [3][-]{subsubsection.4.8.2.17}{\376\377\000r\000e\000a\000d}{subsection.4.8.2}
\BOOKMARK [3][-]{subsubsection.4.8.2.18}{\376\377\000r\000e\000a\000d\000\137\000m\000a\000s\000k}{subsection.4.8.2}
\BOOKMARK [3][-]{subsubsection.4.8.2.19}{\376\377\000r\000e\000a\000d\000\137\000p\000t\000r}{subsection.4.8.2}
\BOOKMARK [3][-]{subsubsection.4.8.2.20}{\376\377\000r\000e\000p\000o\000r\000t\000e\000d\000\137\000p\000o\000s\000i\000t\000i\000o\000n}{subsection.4.8.2}
\BOOKMARK [3][-]{subsubsection.4.8.2.21}{\376\377\000r\000e\000q\000u\000e\000s\000t\000e\000d\000\137\000p\000o\000s\000\137\000c\000n\000t\000s}{subsection.4.8.2}
\BOOKMARK [3][-]{subsubsection.4.8.2.22}{\376\377\000r\000e\000q\000u\000e\000s\000t\000e\000d\000\137\000p\000o\000s\000i\000t\000i\000o\000n}{subsection.4.8.2}
\BOOKMARK [3][-]{subsubsection.4.8.2.23}{\376\377\000s\000t\000a\000t\000u\000s\0001}{subsection.4.8.2}
\BOOKMARK [3][-]{subsubsection.4.8.2.24}{\376\377\000s\000t\000a\000t\000u\000s\0002}{subsection.4.8.2}
\BOOKMARK [3][-]{subsubsection.4.8.2.25}{\376\377\000u\0002\000c}{subsection.4.8.2}
\BOOKMARK [3][-]{subsubsection.4.8.2.26}{\376\377\000u\000n\000i\000t\000s}{subsection.4.8.2}
\BOOKMARK [3][-]{subsubsection.4.8.2.27}{\376\377\000u\000p\000d\000a\000t\000e\000\137\000r\000e\000s\000o\000l\000u\000t\000i\000o\000n}{subsection.4.8.2}
\BOOKMARK [3][-]{subsubsection.4.8.2.28}{\376\377\000w\000i\000n}{subsection.4.8.2}
\BOOKMARK [3][-]{subsubsection.4.8.2.29}{\376\377\000w\000r\000i\000t\000e\000\137\000f\000m\000t}{subsection.4.8.2}
\BOOKMARK [1][-]{section.4.9}{\376\377\000m\000d\0002\000S\000t\000a\000t\000u\000s\000S\000t\000r\000u\000c\000t\000\040\000S\000t\000r\000u\000c\000t\000\040\000R\000e\000f\000e\000r\000e\000n\000c\000e}{chapter.4}
\BOOKMARK [2][-]{subsection.4.9.1}{\376\377\000D\000e\000t\000a\000i\000l\000e\000d\000\040\000D\000e\000s\000c\000r\000i\000p\000t\000i\000o\000n}{section.4.9}
\BOOKMARK [2][-]{subsection.4.9.2}{\376\377\000F\000i\000e\000l\000d\000\040\000D\000o\000c\000u\000m\000e\000n\000t\000a\000t\000i\000o\000n}{section.4.9}
\BOOKMARK [3][-]{subsubsection.4.9.2.1}{\376\377\000a\000c\000c\0001\0001\000c\000\137\0001}{subsection.4.9.2}
\BOOKMARK [3][-]{subsubsection.4.9.2.2}{\376\377\000a\000c\000c\0001\0001\000c\000\137\0002}{subsection.4.9.2}
\BOOKMARK [3][-]{subsubsection.4.9.2.3}{\376\377\000a\000c\000c\0001\0001\000c\000\137\0003}{subsection.4.9.2}
\BOOKMARK [3][-]{subsubsection.4.9.2.4}{\376\377\000a\000c\000c\0001\0001\000c\000\137\0005}{subsection.4.9.2}
\BOOKMARK [3][-]{subsubsection.4.9.2.5}{\376\377\000a\000c\000c\0001\0001\000c\000\137\0006}{subsection.4.9.2}
\BOOKMARK [3][-]{subsubsection.4.9.2.6}{\376\377\000a\000l\000i\000g\000n\000x\000\137\000a\000c\000t\000\137\000p\000o\000s}{subsection.4.9.2}
\BOOKMARK [3][-]{subsubsection.4.9.2.7}{\376\377\000a\000l\000i\000g\000n\000x\000\137\000s\000t\000a\000t\000u\000s\000\137\0001}{subsection.4.9.2}
\BOOKMARK [3][-]{subsubsection.4.9.2.8}{\376\377\000a\000l\000i\000g\000n\000x\000\137\000s\000t\000a\000t\000u\000s\000\137\0002}{subsection.4.9.2}
\BOOKMARK [3][-]{subsubsection.4.9.2.9}{\376\377\000a\000l\000i\000g\000n\000y\000\137\000a\000c\000t\000\137\000p\000o\000s}{subsection.4.9.2}
\BOOKMARK [3][-]{subsubsection.4.9.2.10}{\376\377\000a\000l\000i\000g\000n\000y\000\137\000s\000t\000a\000t\000u\000s\000\137\0001}{subsection.4.9.2}
\BOOKMARK [3][-]{subsubsection.4.9.2.11}{\376\377\000a\000l\000i\000g\000n\000y\000\137\000s\000t\000a\000t\000u\000s\000\137\0002}{subsection.4.9.2}
\BOOKMARK [3][-]{subsubsection.4.9.2.12}{\376\377\000a\000l\000i\000g\000n\000z\000\137\000a\000c\000t\000\137\000p\000o\000s}{subsection.4.9.2}
\BOOKMARK [3][-]{subsubsection.4.9.2.13}{\376\377\000a\000l\000i\000g\000n\000z\000\137\000s\000t\000a\000t\000u\000s\000\137\0001}{subsection.4.9.2}
\BOOKMARK [3][-]{subsubsection.4.9.2.14}{\376\377\000a\000l\000i\000g\000n\000z\000\137\000s\000t\000a\000t\000u\000s\000\137\0002}{subsection.4.9.2}
\BOOKMARK [3][-]{subsubsection.4.9.2.15}{\376\377\000a\000n\000a\000l\000y\000z\000e\000r\000\137\000a\000c\000t\000\137\000p\000o\000s}{subsection.4.9.2}
\BOOKMARK [3][-]{subsubsection.4.9.2.16}{\376\377\000a\000n\000a\000l\000y\000z\000e\000r\000\137\000s\000t\000a\000t\000u\000s\000\137\0001}{subsection.4.9.2}
\BOOKMARK [3][-]{subsubsection.4.9.2.17}{\376\377\000a\000n\000a\000l\000y\000z\000e\000r\000\137\000s\000t\000a\000t\000u\000s\000\137\0002}{subsection.4.9.2}
\BOOKMARK [3][-]{subsubsection.4.9.2.18}{\376\377\000a\000p\000e\000r\000t\000u\000r\000e\000y\000\137\000a\000c\000t\000\137\000p\000o\000s}{subsection.4.9.2}
\BOOKMARK [3][-]{subsubsection.4.9.2.19}{\376\377\000a\000p\000e\000r\000t\000u\000r\000e\000y\000\137\000s\000t\000a\000t\000u\000s\000\137\0001}{subsection.4.9.2}
\BOOKMARK [3][-]{subsubsection.4.9.2.20}{\376\377\000a\000p\000e\000r\000t\000u\000r\000e\000y\000\137\000s\000t\000a\000t\000u\000s\000\137\0002}{subsection.4.9.2}
\BOOKMARK [3][-]{subsubsection.4.9.2.21}{\376\377\000a\000p\000e\000r\000t\000u\000r\000e\000z\000\137\000a\000c\000t\000\137\000p\000o\000s}{subsection.4.9.2}
\BOOKMARK [3][-]{subsubsection.4.9.2.22}{\376\377\000a\000p\000e\000r\000t\000u\000r\000e\000z\000\137\000s\000t\000a\000t\000u\000s\000\137\0001}{subsection.4.9.2}
\BOOKMARK [3][-]{subsubsection.4.9.2.23}{\376\377\000a\000p\000e\000r\000t\000u\000r\000e\000z\000\137\000s\000t\000a\000t\000u\000s\000\137\0002}{subsection.4.9.2}
\BOOKMARK [3][-]{subsubsection.4.9.2.24}{\376\377\000b\000a\000c\000k\000\137\000d\000a\000c}{subsection.4.9.2}
\BOOKMARK [3][-]{subsubsection.4.9.2.25}{\376\377\000c\000a\000p\000y\000\137\000a\000c\000t\000\137\000p\000o\000s}{subsection.4.9.2}
\BOOKMARK [3][-]{subsubsection.4.9.2.26}{\376\377\000c\000a\000p\000y\000\137\000s\000t\000a\000t\000u\000s\000\137\0001}{subsection.4.9.2}
\BOOKMARK [3][-]{subsubsection.4.9.2.27}{\376\377\000c\000a\000p\000y\000\137\000s\000t\000a\000t\000u\000s\000\137\0002}{subsection.4.9.2}
\BOOKMARK [3][-]{subsubsection.4.9.2.28}{\376\377\000c\000a\000p\000z\000\137\000a\000c\000t\000\137\000p\000o\000s}{subsection.4.9.2}
\BOOKMARK [3][-]{subsubsection.4.9.2.29}{\376\377\000c\000a\000p\000z\000\137\000s\000t\000a\000t\000u\000s\000\137\0001}{subsection.4.9.2}
\BOOKMARK [3][-]{subsubsection.4.9.2.30}{\376\377\000c\000a\000p\000z\000\137\000s\000t\000a\000t\000u\000s\000\137\0002}{subsection.4.9.2}
\BOOKMARK [3][-]{subsubsection.4.9.2.31}{\376\377\000c\000e\000n\000t\000e\000r\000x\000\137\000a\000c\000t\000\137\000p\000o\000s}{subsection.4.9.2}
\BOOKMARK [3][-]{subsubsection.4.9.2.32}{\376\377\000c\000e\000n\000t\000e\000r\000x\000\137\000s\000t\000a\000t\000u\000s\000\137\0001}{subsection.4.9.2}
\BOOKMARK [3][-]{subsubsection.4.9.2.33}{\376\377\000c\000e\000n\000t\000e\000r\000x\000\137\000s\000t\000a\000t\000u\000s\000\137\0002}{subsection.4.9.2}
\BOOKMARK [3][-]{subsubsection.4.9.2.34}{\376\377\000c\000e\000n\000t\000e\000r\000y\000\137\000a\000c\000t\000\137\000p\000o\000s}{subsection.4.9.2}
\BOOKMARK [3][-]{subsubsection.4.9.2.35}{\376\377\000c\000e\000n\000t\000e\000r\000y\000\137\000s\000t\000a\000t\000u\000s\000\137\0001}{subsection.4.9.2}
\BOOKMARK [3][-]{subsubsection.4.9.2.36}{\376\377\000c\000e\000n\000t\000e\000r\000y\000\137\000s\000t\000a\000t\000u\000s\000\137\0002}{subsection.4.9.2}
\BOOKMARK [3][-]{subsubsection.4.9.2.37}{\376\377\000d\000u\000m\000m\000y\0001}{subsection.4.9.2}
\BOOKMARK [3][-]{subsubsection.4.9.2.38}{\376\377\000d\000u\000m\000m\000y\0002}{subsection.4.9.2}
\BOOKMARK [3][-]{subsubsection.4.9.2.39}{\376\377\000d\000u\000m\000m\000y\0003}{subsection.4.9.2}
\BOOKMARK [3][-]{subsubsection.4.9.2.40}{\376\377\000d\000u\000m\000m\000y\0004}{subsection.4.9.2}
\BOOKMARK [3][-]{subsubsection.4.9.2.41}{\376\377\000d\000u\000m\000m\000y\0005}{subsection.4.9.2}
\BOOKMARK [3][-]{subsubsection.4.9.2.42}{\376\377\000d\000u\000m\000m\000y\0006}{subsection.4.9.2}
\BOOKMARK [3][-]{subsubsection.4.9.2.43}{\376\377\000d\000u\000m\000m\000y\0007}{subsection.4.9.2}
\BOOKMARK [3][-]{subsubsection.4.9.2.44}{\376\377\000d\000u\000m\000m\000y\0008}{subsection.4.9.2}
\BOOKMARK [3][-]{subsubsection.4.9.2.45}{\376\377\000d\000u\000m\000m\000y\0009}{subsection.4.9.2}
\BOOKMARK [3][-]{subsubsection.4.9.2.46}{\376\377\000d\000u\000m\000m\000y\000A}{subsection.4.9.2}
\BOOKMARK [3][-]{subsubsection.4.9.2.47}{\376\377\000d\000u\000m\000m\000y\000B}{subsection.4.9.2}
\BOOKMARK [3][-]{subsubsection.4.9.2.48}{\376\377\000f\000r\000o\000n\000t\000\137\000d\000a\000c}{subsection.4.9.2}
\BOOKMARK [3][-]{subsubsection.4.9.2.49}{\376\377\000f\000s\000\137\000h\000a\000s\000\137\000o\000p\000e\000n\000e\000d}{subsection.4.9.2}
\BOOKMARK [3][-]{subsubsection.4.9.2.50}{\376\377\000f\000s\000\137\000h\000a\000s\000\137\000o\000p\000e\000n\000e\000d\000\137\000g\000l\000o\000b\000a\000l\000l\000y}{subsection.4.9.2}
\BOOKMARK [3][-]{subsubsection.4.9.2.51}{\376\377\000f\000s\000\137\000i\000s\000\137\000o\000p\000e\000n}{subsection.4.9.2}
\BOOKMARK [3][-]{subsubsection.4.9.2.52}{\376\377\000k\000a\000p\000p\000a\000\137\000a\000c\000t\000\137\000p\000o\000s}{subsection.4.9.2}
\BOOKMARK [3][-]{subsubsection.4.9.2.53}{\376\377\000k\000a\000p\000p\000a\000\137\000s\000t\000a\000t\000u\000s\000\137\0001}{subsection.4.9.2}
\BOOKMARK [3][-]{subsubsection.4.9.2.54}{\376\377\000k\000a\000p\000p\000a\000\137\000s\000t\000a\000t\000u\000s\000\137\0002}{subsection.4.9.2}
\BOOKMARK [3][-]{subsubsection.4.9.2.55}{\376\377\000m\000o\000v\000i\000n\000g\000\137\000f\000l\000a\000g\000s}{subsection.4.9.2}
\BOOKMARK [3][-]{subsubsection.4.9.2.56}{\376\377\000n\000u\000m\000b\000e\000r\000\137\000p\000a\000s\000s\000e\000s}{subsection.4.9.2}
\BOOKMARK [3][-]{subsubsection.4.9.2.57}{\376\377\000o\000m\000e\000g\000a\000\137\000a\000c\000t\000\137\000p\000o\000s}{subsection.4.9.2}
\BOOKMARK [3][-]{subsubsection.4.9.2.58}{\376\377\000o\000m\000e\000g\000a\000\137\000s\000t\000a\000t\000u\000s\000\137\0001}{subsection.4.9.2}
\BOOKMARK [3][-]{subsubsection.4.9.2.59}{\376\377\000o\000m\000e\000g\000a\000\137\000s\000t\000a\000t\000u\000s\000\137\0002}{subsection.4.9.2}
\BOOKMARK [3][-]{subsubsection.4.9.2.60}{\376\377\000p\000h\000i\000\137\000a\000c\000t\000\137\000p\000o\000s}{subsection.4.9.2}
\BOOKMARK [3][-]{subsubsection.4.9.2.61}{\376\377\000p\000h\000i\000\137\000s\000t\000a\000t\000u\000s\000\137\0001}{subsection.4.9.2}
\BOOKMARK [3][-]{subsubsection.4.9.2.62}{\376\377\000p\000h\000i\000\137\000s\000t\000a\000t\000u\000s\000\137\0002}{subsection.4.9.2}
\BOOKMARK [3][-]{subsubsection.4.9.2.63}{\376\377\000p\000h\000i\000s\000c\000a\000n}{subsection.4.9.2}
\BOOKMARK [3][-]{subsubsection.4.9.2.64}{\376\377\000s\000c\000i\000n\000t\000\137\000a\000c\000t\000\137\000p\000o\000s}{subsection.4.9.2}
\BOOKMARK [3][-]{subsubsection.4.9.2.65}{\376\377\000s\000c\000i\000n\000t\000\137\000p\000i\000e\000z\000o}{subsection.4.9.2}
\BOOKMARK [3][-]{subsubsection.4.9.2.66}{\376\377\000s\000c\000i\000n\000t\000\137\000s\000t\000a\000t\000u\000s\000\137\0001}{subsection.4.9.2}
\BOOKMARK [3][-]{subsubsection.4.9.2.67}{\376\377\000s\000c\000i\000n\000t\000\137\000s\000t\000a\000t\000u\000s\000\137\0002}{subsection.4.9.2}
\BOOKMARK [3][-]{subsubsection.4.9.2.68}{\376\377\000z\000o\000o\000m\000\137\000a\000c\000t\000\137\000p\000o\000s}{subsection.4.9.2}
\BOOKMARK [3][-]{subsubsection.4.9.2.69}{\376\377\000z\000o\000o\000m\000\137\000s\000t\000a\000t\000u\000s\000\137\0001}{subsection.4.9.2}
\BOOKMARK [3][-]{subsubsection.4.9.2.70}{\376\377\000z\000o\000o\000m\000\137\000s\000t\000a\000t\000u\000s\000\137\0002}{subsection.4.9.2}
\BOOKMARK [1][-]{section.4.10}{\376\377\000t\000a\000g\000E\000t\000h\000e\000r\000n\000e\000t\000C\000m\000d\000\040\000S\000t\000r\000u\000c\000t\000\040\000R\000e\000f\000e\000r\000e\000n\000c\000e}{chapter.4}
\BOOKMARK [2][-]{subsection.4.10.1}{\376\377\000D\000e\000t\000a\000i\000l\000e\000d\000\040\000D\000e\000s\000c\000r\000i\000p\000t\000i\000o\000n}{section.4.10}
\BOOKMARK [2][-]{subsection.4.10.2}{\376\377\000F\000i\000e\000l\000d\000\040\000D\000o\000c\000u\000m\000e\000n\000t\000a\000t\000i\000o\000n}{section.4.10}
\BOOKMARK [3][-]{subsubsection.4.10.2.1}{\376\377\000b\000D\000a\000t\000a}{subsection.4.10.2}
\BOOKMARK [3][-]{subsubsection.4.10.2.2}{\376\377\000R\000e\000q\000u\000e\000s\000t}{subsection.4.10.2}
\BOOKMARK [3][-]{subsubsection.4.10.2.3}{\376\377\000R\000e\000q\000u\000e\000s\000t\000T\000y\000p\000e}{subsection.4.10.2}
\BOOKMARK [3][-]{subsubsection.4.10.2.4}{\376\377\000w\000I\000n\000d\000e\000x}{subsection.4.10.2}
\BOOKMARK [3][-]{subsubsection.4.10.2.5}{\376\377\000w\000L\000e\000n\000g\000t\000h}{subsection.4.10.2}
\BOOKMARK [3][-]{subsubsection.4.10.2.6}{\376\377\000w\000V\000a\000l\000u\000e}{subsection.4.10.2}
\BOOKMARK [0][-]{chapter.5}{\376\377\000F\000i\000l\000e\000\040\000D\000o\000c\000u\000m\000e\000n\000t\000a\000t\000i\000o\000n}{}
\BOOKMARK [1][-]{section.5.1}{\376\377\000l\000s\000p\000g\000.\000c\000\040\000F\000i\000l\000e\000\040\000R\000e\000f\000e\000r\000e\000n\000c\000e}{chapter.5}
\BOOKMARK [2][-]{subsection.5.1.1}{\376\377\000D\000e\000t\000a\000i\000l\000e\000d\000\040\000D\000e\000s\000c\000r\000i\000p\000t\000i\000o\000n}{section.5.1}
\BOOKMARK [2][-]{subsection.5.1.2}{\376\377\000D\000e\000f\000i\000n\000e\000\040\000D\000o\000c\000u\000m\000e\000n\000t\000a\000t\000i\000o\000n}{section.5.1}
\BOOKMARK [3][-]{subsubsection.5.1.2.1}{\376\377\000L\000S\000\137\000P\000G\000\137\000Q\000U\000E\000R\000Y\000\137\000Q\000U\000E\000U\000E\000\137\000L\000E\000N\000G\000T\000H}{subsection.5.1.2}
\BOOKMARK [3][-]{subsubsection.5.1.2.2}{\376\377\000L\000S\000\137\000P\000G\000\137\000S\000T\000A\000T\000E\000\137\000I\000D\000L\000E}{subsection.5.1.2}
\BOOKMARK [3][-]{subsubsection.5.1.2.3}{\376\377\000L\000S\000\137\000P\000G\000\137\000S\000T\000A\000T\000E\000\137\000I\000N\000I\000T}{subsection.5.1.2}
\BOOKMARK [3][-]{subsubsection.5.1.2.4}{\376\377\000L\000S\000\137\000P\000G\000\137\000S\000T\000A\000T\000E\000\137\000I\000N\000I\000T\000\137\000P\000O\000L\000L}{subsection.5.1.2}
\BOOKMARK [3][-]{subsubsection.5.1.2.5}{\376\377\000L\000S\000\137\000P\000G\000\137\000S\000T\000A\000T\000E\000\137\000R\000E\000C\000V}{subsection.5.1.2}
\BOOKMARK [3][-]{subsubsection.5.1.2.6}{\376\377\000L\000S\000\137\000P\000G\000\137\000S\000T\000A\000T\000E\000\137\000R\000E\000S\000E\000T}{subsection.5.1.2}
\BOOKMARK [3][-]{subsubsection.5.1.2.7}{\376\377\000L\000S\000\137\000P\000G\000\137\000S\000T\000A\000T\000E\000\137\000R\000E\000S\000E\000T\000\137\000P\000O\000L\000L}{subsection.5.1.2}
\BOOKMARK [3][-]{subsubsection.5.1.2.8}{\376\377\000L\000S\000\137\000P\000G\000\137\000S\000T\000A\000T\000E\000\137\000S\000E\000N\000D}{subsection.5.1.2}
\BOOKMARK [3][-]{subsubsection.5.1.2.9}{\376\377\000L\000S\000\137\000P\000G\000\137\000S\000T\000A\000T\000E\000\137\000S\000E\000N\000D\000\137\000F\000L\000U\000S\000H}{subsection.5.1.2}
\BOOKMARK [2][-]{subsection.5.1.3}{\376\377\000T\000y\000p\000e\000d\000e\000f\000\040\000D\000o\000c\000u\000m\000e\000n\000t\000a\000t\000i\000o\000n}{section.5.1}
\BOOKMARK [3][-]{subsubsection.5.1.3.1}{\376\377\000l\000s\000p\000g\000\137\000l\000o\000c\000k\000\137\000d\000e\000t\000e\000c\000t\000o\000r\000\137\000t}{subsection.5.1.3}
\BOOKMARK [3][-]{subsubsection.5.1.3.2}{\376\377\000l\000s\000p\000g\000\137\000l\000o\000c\000k\000\137\000d\000i\000f\000f\000r\000a\000c\000t\000o\000m\000e\000t\000e\000r\000\137\000t}{subsection.5.1.3}
\BOOKMARK [3][-]{subsubsection.5.1.3.3}{\376\377\000l\000s\000p\000g\000\137\000q\000u\000e\000r\000y\000\137\000q\000u\000e\000u\000e\000\137\000t}{subsection.5.1.3}
\BOOKMARK [3][-]{subsubsection.5.1.3.4}{\376\377\000l\000s\000p\000g\000\137\000s\000e\000q\000\137\000r\000u\000n\000\137\000p\000r\000e\000p\000\137\000t}{subsection.5.1.3}
\BOOKMARK [3][-]{subsubsection.5.1.3.5}{\376\377\000l\000s\000p\000g\000\137\000w\000a\000i\000t\000\137\000f\000o\000r\000\137\000d\000e\000t\000e\000c\000t\000o\000r\000\137\000t}{subsection.5.1.3}
\BOOKMARK [2][-]{subsection.5.1.4}{\376\377\000F\000u\000n\000c\000t\000i\000o\000n\000\040\000D\000o\000c\000u\000m\000e\000n\000t\000a\000t\000i\000o\000n}{section.5.1}
\BOOKMARK [3][-]{subsubsection.5.1.4.1}{\376\377\000l\000s\000p\000g\000\137\000b\000l\000i\000g\000h\000t\000\137\000l\000u\000t\000\137\000c\000b}{subsection.5.1.4}
\BOOKMARK [3][-]{subsubsection.5.1.4.2}{\376\377\000l\000s\000p\000g\000\137\000c\000m\000d\000\137\000c\000b}{subsection.5.1.4}
\BOOKMARK [3][-]{subsubsection.5.1.4.3}{\376\377\000l\000s\000p\000g\000\137\000f\000l\000i\000g\000h\000t\000\137\000l\000u\000t\000\137\000c\000b}{subsection.5.1.4}
\BOOKMARK [3][-]{subsubsection.5.1.4.4}{\376\377\000l\000s\000p\000g\000\137\000f\000l\000u\000s\000h}{subsection.5.1.4}
\BOOKMARK [3][-]{subsubsection.5.1.4.5}{\376\377\000l\000s\000p\000g\000\137\000g\000e\000t\000c\000e\000n\000t\000e\000r\000\137\000c\000b}{subsection.5.1.4}
\BOOKMARK [3][-]{subsubsection.5.1.4.6}{\376\377\000l\000s\000p\000g\000\137\000i\000n\000i\000t}{subsection.5.1.4}
\BOOKMARK [3][-]{subsubsection.5.1.4.7}{\376\377\000l\000s\000p\000g\000\137\000i\000n\000i\000t\000\137\000m\000o\000t\000o\000r\000s\000\137\000c\000b}{subsection.5.1.4}
\BOOKMARK [3][-]{subsubsection.5.1.4.8}{\376\377\000l\000s\000p\000g\000\137\000l\000o\000c\000k\000\137\000d\000e\000t\000e\000c\000t\000o\000r\000\137\000a\000l\000l}{subsection.5.1.4}
\BOOKMARK [3][-]{subsubsection.5.1.4.9}{\376\377\000l\000s\000p\000g\000\137\000l\000o\000c\000k\000\137\000d\000e\000t\000e\000c\000t\000o\000r\000\137\000c\000a\000l\000l}{subsection.5.1.4}
\BOOKMARK [3][-]{subsubsection.5.1.4.10}{\376\377\000l\000s\000p\000g\000\137\000l\000o\000c\000k\000\137\000d\000e\000t\000e\000c\000t\000o\000r\000\137\000c\000b}{subsection.5.1.4}
\BOOKMARK [3][-]{subsubsection.5.1.4.11}{\376\377\000l\000s\000p\000g\000\137\000l\000o\000c\000k\000\137\000d\000e\000t\000e\000c\000t\000o\000r\000\137\000d\000o\000n\000e}{subsection.5.1.4}
\BOOKMARK [3][-]{subsubsection.5.1.4.12}{\376\377\000l\000s\000p\000g\000\137\000l\000o\000c\000k\000\137\000d\000e\000t\000e\000c\000t\000o\000r\000\137\000i\000n\000i\000t}{subsection.5.1.4}
\BOOKMARK [3][-]{subsubsection.5.1.4.13}{\376\377\000l\000s\000p\000g\000\137\000l\000o\000c\000k\000\137\000d\000e\000t\000e\000c\000t\000o\000r\000\137\000w\000a\000i\000t}{subsection.5.1.4}
\BOOKMARK [3][-]{subsubsection.5.1.4.14}{\376\377\000l\000s\000p\000g\000\137\000l\000o\000c\000k\000\137\000d\000i\000f\000f\000r\000a\000c\000t\000o\000m\000e\000t\000e\000r\000\137\000a\000l\000l}{subsection.5.1.4}
\BOOKMARK [3][-]{subsubsection.5.1.4.15}{\376\377\000l\000s\000p\000g\000\137\000l\000o\000c\000k\000\137\000d\000i\000f\000f\000r\000a\000c\000t\000o\000m\000e\000t\000e\000r\000\137\000c\000a\000l\000l}{subsection.5.1.4}
\BOOKMARK [3][-]{subsubsection.5.1.4.16}{\376\377\000l\000s\000p\000g\000\137\000l\000o\000c\000k\000\137\000d\000i\000f\000f\000r\000a\000c\000t\000o\000m\000e\000t\000e\000r\000\137\000c\000b}{subsection.5.1.4}
\BOOKMARK [3][-]{subsubsection.5.1.4.17}{\376\377\000l\000s\000p\000g\000\137\000l\000o\000c\000k\000\137\000d\000i\000f\000f\000r\000a\000c\000t\000o\000m\000e\000t\000e\000r\000\137\000d\000o\000n\000e}{subsection.5.1.4}
\BOOKMARK [3][-]{subsubsection.5.1.4.18}{\376\377\000l\000s\000p\000g\000\137\000l\000o\000c\000k\000\137\000d\000i\000f\000f\000r\000a\000c\000t\000o\000m\000e\000t\000e\000r\000\137\000i\000n\000i\000t}{subsection.5.1.4}
\BOOKMARK [3][-]{subsubsection.5.1.4.19}{\376\377\000l\000s\000p\000g\000\137\000l\000o\000c\000k\000\137\000d\000i\000f\000f\000r\000a\000c\000t\000o\000m\000e\000t\000e\000r\000\137\000w\000a\000i\000t}{subsection.5.1.4}
\BOOKMARK [3][-]{subsubsection.5.1.4.20}{\376\377\000l\000s\000p\000g\000\137\000n\000e\000x\000t\000\137\000s\000t\000a\000t\000e}{subsection.5.1.4}
\BOOKMARK [3][-]{subsubsection.5.1.4.21}{\376\377\000l\000s\000p\000g\000\137\000n\000e\000x\000t\000a\000c\000t\000i\000o\000n\000\137\000c\000b}{subsection.5.1.4}
\BOOKMARK [3][-]{subsubsection.5.1.4.22}{\376\377\000l\000s\000p\000g\000\137\000n\000e\000x\000t\000s\000h\000o\000t\000\137\000c\000a\000l\000l}{subsection.5.1.4}
\BOOKMARK [3][-]{subsubsection.5.1.4.23}{\376\377\000l\000s\000p\000g\000\137\000n\000e\000x\000t\000s\000h\000o\000t\000\137\000c\000b}{subsection.5.1.4}
\BOOKMARK [3][-]{subsubsection.5.1.4.24}{\376\377\000l\000s\000p\000g\000\137\000n\000e\000x\000t\000s\000h\000o\000t\000\137\000d\000o\000n\000e}{subsection.5.1.4}
\BOOKMARK [3][-]{subsubsection.5.1.4.25}{\376\377\000l\000s\000p\000g\000\137\000n\000e\000x\000t\000s\000h\000o\000t\000\137\000i\000n\000i\000t}{subsection.5.1.4}
\BOOKMARK [3][-]{subsubsection.5.1.4.26}{\376\377\000l\000s\000p\000g\000\137\000n\000e\000x\000t\000s\000h\000o\000t\000\137\000w\000a\000i\000t}{subsection.5.1.4}
\BOOKMARK [3][-]{subsubsection.5.1.4.27}{\376\377\000l\000s\000p\000g\000\137\000p\000g\000\137\000c\000o\000n\000n\000e\000c\000t}{subsection.5.1.4}
\BOOKMARK [3][-]{subsubsection.5.1.4.28}{\376\377\000l\000s\000p\000g\000\137\000p\000g\000\137\000s\000e\000r\000v\000i\000c\000e}{subsection.5.1.4}
\BOOKMARK [3][-]{subsubsection.5.1.4.29}{\376\377\000l\000s\000p\000g\000\137\000q\000u\000e\000r\000y\000\137\000n\000e\000x\000t}{subsection.5.1.4}
\BOOKMARK [3][-]{subsubsection.5.1.4.30}{\376\377\000l\000s\000p\000g\000\137\000q\000u\000e\000r\000y\000\137\000p\000u\000s\000h}{subsection.5.1.4}
\BOOKMARK [3][-]{subsubsection.5.1.4.31}{\376\377\000l\000s\000p\000g\000\137\000q\000u\000e\000r\000y\000\137\000r\000e\000p\000l\000y\000\137\000n\000e\000x\000t}{subsection.5.1.4}
\BOOKMARK [3][-]{subsubsection.5.1.4.32}{\376\377\000l\000s\000p\000g\000\137\000q\000u\000e\000r\000y\000\137\000r\000e\000p\000l\000y\000\137\000p\000e\000e\000k}{subsection.5.1.4}
\BOOKMARK [3][-]{subsubsection.5.1.4.33}{\376\377\000l\000s\000p\000g\000\137\000r\000e\000c\000e\000i\000v\000e}{subsection.5.1.4}
\BOOKMARK [3][-]{subsubsection.5.1.4.34}{\376\377\000l\000s\000p\000g\000\137\000r\000u\000n}{subsection.5.1.4}
\BOOKMARK [3][-]{subsubsection.5.1.4.35}{\376\377\000l\000s\000p\000g\000\137\000s\000e\000n\000d\000\137\000n\000e\000x\000t\000\137\000q\000u\000e\000r\000y}{subsection.5.1.4}
\BOOKMARK [3][-]{subsubsection.5.1.4.36}{\376\377\000l\000s\000p\000g\000\137\000s\000e\000q\000\137\000r\000u\000n\000\137\000p\000r\000e\000p\000\137\000a\000l\000l}{subsection.5.1.4}
\BOOKMARK [3][-]{subsubsection.5.1.4.37}{\376\377\000l\000s\000p\000g\000\137\000s\000e\000q\000\137\000r\000u\000n\000\137\000p\000r\000e\000p\000\137\000c\000a\000l\000l}{subsection.5.1.4}
\BOOKMARK [3][-]{subsubsection.5.1.4.38}{\376\377\000l\000s\000p\000g\000\137\000s\000e\000q\000\137\000r\000u\000n\000\137\000p\000r\000e\000p\000\137\000c\000b}{subsection.5.1.4}
\BOOKMARK [3][-]{subsubsection.5.1.4.39}{\376\377\000l\000s\000p\000g\000\137\000s\000e\000q\000\137\000r\000u\000n\000\137\000p\000r\000e\000p\000\137\000d\000o\000n\000e}{subsection.5.1.4}
\BOOKMARK [3][-]{subsubsection.5.1.4.40}{\376\377\000l\000s\000p\000g\000\137\000s\000e\000q\000\137\000r\000u\000n\000\137\000p\000r\000e\000p\000\137\000i\000n\000i\000t}{subsection.5.1.4}
\BOOKMARK [3][-]{subsubsection.5.1.4.41}{\376\377\000l\000s\000p\000g\000\137\000s\000e\000q\000\137\000r\000u\000n\000\137\000p\000r\000e\000p\000\137\000w\000a\000i\000t}{subsection.5.1.4}
\BOOKMARK [3][-]{subsubsection.5.1.4.42}{\376\377\000l\000s\000p\000g\000\137\000s\000i\000g\000\137\000s\000e\000r\000v\000i\000c\000e}{subsection.5.1.4}
\BOOKMARK [3][-]{subsubsection.5.1.4.43}{\376\377\000l\000s\000p\000g\000\137\000w\000a\000i\000t\000\137\000f\000o\000r\000\137\000d\000e\000t\000e\000c\000t\000o\000r\000\137\000a\000l\000l}{subsection.5.1.4}
\BOOKMARK [3][-]{subsubsection.5.1.4.44}{\376\377\000l\000s\000p\000g\000\137\000w\000a\000i\000t\000\137\000f\000o\000r\000\137\000d\000e\000t\000e\000c\000t\000o\000r\000\137\000c\000a\000l\000l}{subsection.5.1.4}
\BOOKMARK [3][-]{subsubsection.5.1.4.45}{\376\377\000l\000s\000p\000g\000\137\000w\000a\000i\000t\000\137\000f\000o\000r\000\137\000d\000e\000t\000e\000c\000t\000o\000r\000\137\000c\000b}{subsection.5.1.4}
\BOOKMARK [3][-]{subsubsection.5.1.4.46}{\376\377\000l\000s\000p\000g\000\137\000w\000a\000i\000t\000\137\000f\000o\000r\000\137\000d\000e\000t\000e\000c\000t\000o\000r\000\137\000d\000o\000n\000e}{subsection.5.1.4}
\BOOKMARK [3][-]{subsubsection.5.1.4.47}{\376\377\000l\000s\000p\000g\000\137\000w\000a\000i\000t\000\137\000f\000o\000r\000\137\000d\000e\000t\000e\000c\000t\000o\000r\000\137\000i\000n\000i\000t}{subsection.5.1.4}
\BOOKMARK [3][-]{subsubsection.5.1.4.48}{\376\377\000l\000s\000p\000g\000\137\000w\000a\000i\000t\000\137\000f\000o\000r\000\137\000d\000e\000t\000e\000c\000t\000o\000r\000\137\000w\000a\000i\000t}{subsection.5.1.4}
\BOOKMARK [3][-]{subsubsection.5.1.4.49}{\376\377\000l\000s\000p\000g\000\137\000w\000o\000r\000k\000e\000r}{subsection.5.1.4}
\BOOKMARK [3][-]{subsubsection.5.1.4.50}{\376\377\000l\000s\000p\000g\000\137\000z\000o\000o\000m\000\137\000l\000u\000t\000\137\000c\000b}{subsection.5.1.4}
\BOOKMARK [2][-]{subsection.5.1.5}{\376\377\000V\000a\000r\000i\000a\000b\000l\000e\000\040\000D\000o\000c\000u\000m\000e\000n\000t\000a\000t\000i\000o\000n}{section.5.1}
\BOOKMARK [3][-]{subsubsection.5.1.5.1}{\376\377\000l\000s\000\137\000p\000g\000\137\000s\000t\000a\000t\000e}{subsection.5.1.5}
\BOOKMARK [3][-]{subsubsection.5.1.5.2}{\376\377\000l\000s\000p\000g\000\137\000c\000o\000n\000n\000e\000c\000t\000P\000o\000l\000l\000\137\000r\000e\000s\000p\000o\000n\000s\000e}{subsection.5.1.5}
\BOOKMARK [3][-]{subsubsection.5.1.5.3}{\376\377\000l\000s\000p\000g\000\137\000l\000o\000c\000k\000\137\000d\000e\000t\000e\000c\000t\000o\000r}{subsection.5.1.5}
\BOOKMARK [3][-]{subsubsection.5.1.5.4}{\376\377\000l\000s\000p\000g\000\137\000l\000o\000c\000k\000\137\000d\000i\000f\000f\000r\000a\000c\000t\000o\000m\000e\000t\000e\000r}{subsection.5.1.5}
\BOOKMARK [3][-]{subsubsection.5.1.5.5}{\376\377\000l\000s\000p\000g\000\137\000n\000e\000x\000t\000s\000h\000o\000t}{subsection.5.1.5}
\BOOKMARK [3][-]{subsubsection.5.1.5.6}{\376\377\000l\000s\000p\000g\000\137\000q\000u\000e\000r\000y\000\137\000q\000u\000e\000u\000e}{subsection.5.1.5}
\BOOKMARK [3][-]{subsubsection.5.1.5.7}{\376\377\000l\000s\000p\000g\000\137\000q\000u\000e\000r\000y\000\137\000q\000u\000e\000u\000e\000\137\000o\000f\000f}{subsection.5.1.5}
\BOOKMARK [3][-]{subsubsection.5.1.5.8}{\376\377\000l\000s\000p\000g\000\137\000q\000u\000e\000r\000y\000\137\000q\000u\000e\000u\000e\000\137\000o\000n}{subsection.5.1.5}
\BOOKMARK [3][-]{subsubsection.5.1.5.9}{\376\377\000l\000s\000p\000g\000\137\000q\000u\000e\000r\000y\000\137\000q\000u\000e\000u\000e\000\137\000r\000e\000p\000l\000y}{subsection.5.1.5}
\BOOKMARK [3][-]{subsubsection.5.1.5.10}{\376\377\000l\000s\000p\000g\000\137\000r\000e\000s\000e\000t\000P\000o\000l\000l\000\137\000r\000e\000s\000p\000o\000n\000s\000e}{subsection.5.1.5}
\BOOKMARK [3][-]{subsubsection.5.1.5.11}{\376\377\000l\000s\000p\000g\000\137\000s\000e\000q\000\137\000r\000u\000n\000\137\000p\000r\000e\000p}{subsection.5.1.5}
\BOOKMARK [3][-]{subsubsection.5.1.5.12}{\376\377\000l\000s\000p\000g\000\137\000t\000h\000r\000e\000a\000d}{subsection.5.1.5}
\BOOKMARK [3][-]{subsubsection.5.1.5.13}{\376\377\000l\000s\000p\000g\000\137\000w\000a\000i\000t\000\137\000f\000o\000r\000\137\000d\000e\000t\000e\000c\000t\000o\000r}{subsection.5.1.5}
\BOOKMARK [3][-]{subsubsection.5.1.5.14}{\376\377\000l\000s\000p\000g\000f\000d}{subsection.5.1.5}
\BOOKMARK [3][-]{subsubsection.5.1.5.15}{\376\377\000p\000g\000\137\000q\000u\000e\000u\000e\000\137\000m\000u\000t\000e\000x}{subsection.5.1.5}
\BOOKMARK [3][-]{subsubsection.5.1.5.16}{\376\377\000q}{subsection.5.1.5}
\BOOKMARK [1][-]{section.5.2}{\376\377\000l\000s\000p\000m\000a\000c\000.\000c\000\040\000F\000i\000l\000e\000\040\000R\000e\000f\000e\000r\000e\000n\000c\000e}{chapter.5}
\BOOKMARK [2][-]{subsection.5.2.1}{\376\377\000D\000e\000t\000a\000i\000l\000e\000d\000\040\000D\000e\000s\000c\000r\000i\000p\000t\000i\000o\000n}{section.5.2}
\BOOKMARK [2][-]{subsection.5.2.2}{\376\377\000D\000e\000f\000i\000n\000e\000\040\000D\000o\000c\000u\000m\000e\000n\000t\000a\000t\000i\000o\000n}{section.5.2}
\BOOKMARK [3][-]{subsubsection.5.2.2.1}{\376\377\000L\000S\000\137\000P\000M\000A\000C\000\137\000S\000T\000A\000T\000E\000\137\000C\000R}{subsection.5.2.2}
\BOOKMARK [3][-]{subsubsection.5.2.2.2}{\376\377\000L\000S\000\137\000P\000M\000A\000C\000\137\000S\000T\000A\000T\000E\000\137\000D\000E\000T\000A\000C\000H\000E\000D}{subsection.5.2.2}
\BOOKMARK [3][-]{subsubsection.5.2.2.3}{\376\377\000L\000S\000\137\000P\000M\000A\000C\000\137\000S\000T\000A\000T\000E\000\137\000G\000B}{subsection.5.2.2}
\BOOKMARK [3][-]{subsubsection.5.2.2.4}{\376\377\000L\000S\000\137\000P\000M\000A\000C\000\137\000S\000T\000A\000T\000E\000\137\000G\000M\000R}{subsection.5.2.2}
\BOOKMARK [3][-]{subsubsection.5.2.2.5}{\376\377\000L\000S\000\137\000P\000M\000A\000C\000\137\000S\000T\000A\000T\000E\000\137\000I\000D\000L\000E}{subsection.5.2.2}
\BOOKMARK [3][-]{subsubsection.5.2.2.6}{\376\377\000L\000S\000\137\000P\000M\000A\000C\000\137\000S\000T\000A\000T\000E\000\137\000R\000E\000S\000E\000T}{subsection.5.2.2}
\BOOKMARK [3][-]{subsubsection.5.2.2.7}{\376\377\000L\000S\000\137\000P\000M\000A\000C\000\137\000S\000T\000A\000T\000E\000\137\000R\000R}{subsection.5.2.2}
\BOOKMARK [3][-]{subsubsection.5.2.2.8}{\376\377\000L\000S\000\137\000P\000M\000A\000C\000\137\000S\000T\000A\000T\000E\000\137\000S\000C}{subsection.5.2.2}
\BOOKMARK [3][-]{subsubsection.5.2.2.9}{\376\377\000L\000S\000\137\000P\000M\000A\000C\000\137\000S\000T\000A\000T\000E\000\137\000W\000A\000C\000K}{subsection.5.2.2}
\BOOKMARK [3][-]{subsubsection.5.2.2.10}{\376\377\000L\000S\000\137\000P\000M\000A\000C\000\137\000S\000T\000A\000T\000E\000\137\000W\000A\000C\000K\000\137\000C\000C}{subsection.5.2.2}
\BOOKMARK [3][-]{subsubsection.5.2.2.11}{\376\377\000L\000S\000\137\000P\000M\000A\000C\000\137\000S\000T\000A\000T\000E\000\137\000W\000A\000C\000K\000\137\000N\000F\000R}{subsection.5.2.2}
\BOOKMARK [3][-]{subsubsection.5.2.2.12}{\376\377\000L\000S\000\137\000P\000M\000A\000C\000\137\000S\000T\000A\000T\000E\000\137\000W\000A\000C\000K\000\137\000R\000R}{subsection.5.2.2}
\BOOKMARK [3][-]{subsubsection.5.2.2.13}{\376\377\000L\000S\000\137\000P\000M\000A\000C\000\137\000S\000T\000A\000T\000E\000\137\000W\000C\000R}{subsection.5.2.2}
\BOOKMARK [3][-]{subsubsection.5.2.2.14}{\376\377\000L\000S\000\137\000P\000M\000A\000C\000\137\000S\000T\000A\000T\000E\000\137\000W\000G\000B}{subsection.5.2.2}
\BOOKMARK [3][-]{subsubsection.5.2.2.15}{\376\377\000P\000M\000A\000C\000\137\000C\000M\000D\000\137\000Q\000U\000E\000U\000E\000\137\000L\000E\000N\000G\000T\000H}{subsection.5.2.2}
\BOOKMARK [3][-]{subsubsection.5.2.2.16}{\376\377\000p\000m\000a\000c\000\137\000c\000m\000d\000\137\000s\000i\000z\000e}{subsection.5.2.2}
\BOOKMARK [3][-]{subsubsection.5.2.2.17}{\376\377\000P\000M\000A\000C\000\137\000M\000I\000N\000\137\000C\000M\000D\000\137\000T\000I\000M\000E}{subsection.5.2.2}
\BOOKMARK [3][-]{subsubsection.5.2.2.18}{\376\377\000P\000M\000A\000C\000P\000O\000R\000T}{subsection.5.2.2}
\BOOKMARK [3][-]{subsubsection.5.2.2.19}{\376\377\000V\000R\000\137\000C\000T\000R\000L\000\137\000R\000E\000S\000P\000O\000N\000S\000E}{subsection.5.2.2}
\BOOKMARK [3][-]{subsubsection.5.2.2.20}{\376\377\000V\000R\000\137\000D\000O\000W\000N\000L\000O\000A\000D}{subsection.5.2.2}
\BOOKMARK [3][-]{subsubsection.5.2.2.21}{\376\377\000V\000R\000\137\000F\000W\000D\000O\000W\000N\000L\000O\000A\000D}{subsection.5.2.2}
\BOOKMARK [3][-]{subsubsection.5.2.2.22}{\376\377\000V\000R\000\137\000I\000P\000A\000D\000D\000R\000E\000S\000S}{subsection.5.2.2}
\BOOKMARK [3][-]{subsubsection.5.2.2.23}{\376\377\000V\000R\000\137\000P\000M\000A\000C\000\137\000F\000L\000U\000S\000H}{subsection.5.2.2}
\BOOKMARK [3][-]{subsubsection.5.2.2.24}{\376\377\000V\000R\000\137\000P\000M\000A\000C\000\137\000G\000E\000T\000B\000U\000F\000F\000E\000R}{subsection.5.2.2}
\BOOKMARK [3][-]{subsubsection.5.2.2.25}{\376\377\000V\000R\000\137\000P\000M\000A\000C\000\137\000G\000E\000T\000L\000I\000N\000E}{subsection.5.2.2}
\BOOKMARK [3][-]{subsubsection.5.2.2.26}{\376\377\000V\000R\000\137\000P\000M\000A\000C\000\137\000G\000E\000T\000M\000E\000M}{subsection.5.2.2}
\BOOKMARK [3][-]{subsubsection.5.2.2.27}{\376\377\000V\000R\000\137\000P\000M\000A\000C\000\137\000G\000E\000T\000R\000E\000S\000P\000O\000N\000S\000E}{subsection.5.2.2}
\BOOKMARK [3][-]{subsubsection.5.2.2.28}{\376\377\000V\000R\000\137\000P\000M\000A\000C\000\137\000P\000O\000R\000T}{subsection.5.2.2}
\BOOKMARK [3][-]{subsubsection.5.2.2.29}{\376\377\000V\000R\000\137\000P\000M\000A\000C\000\137\000R\000E\000A\000D\000R\000E\000A\000D\000Y}{subsection.5.2.2}
\BOOKMARK [3][-]{subsubsection.5.2.2.30}{\376\377\000V\000R\000\137\000P\000M\000A\000C\000\137\000S\000E\000N\000D\000C\000T\000R\000L\000C\000H\000A\000R}{subsection.5.2.2}
\BOOKMARK [3][-]{subsubsection.5.2.2.31}{\376\377\000V\000R\000\137\000P\000M\000A\000C\000\137\000S\000E\000N\000D\000L\000I\000N\000E}{subsection.5.2.2}
\BOOKMARK [3][-]{subsubsection.5.2.2.32}{\376\377\000V\000R\000\137\000P\000M\000A\000C\000\137\000S\000E\000T\000B\000I\000T}{subsection.5.2.2}
\BOOKMARK [3][-]{subsubsection.5.2.2.33}{\376\377\000V\000R\000\137\000P\000M\000A\000C\000\137\000S\000E\000T\000B\000I\000T\000S}{subsection.5.2.2}
\BOOKMARK [3][-]{subsubsection.5.2.2.34}{\376\377\000V\000R\000\137\000P\000M\000A\000C\000\137\000S\000E\000T\000M\000E\000M}{subsection.5.2.2}
\BOOKMARK [3][-]{subsubsection.5.2.2.35}{\376\377\000V\000R\000\137\000P\000M\000A\000C\000\137\000W\000R\000I\000T\000E\000B\000U\000F\000F\000E\000R}{subsection.5.2.2}
\BOOKMARK [3][-]{subsubsection.5.2.2.36}{\376\377\000V\000R\000\137\000P\000M\000A\000C\000\137\000W\000R\000I\000T\000E\000E\000R\000R\000O\000R}{subsection.5.2.2}
\BOOKMARK [3][-]{subsubsection.5.2.2.37}{\376\377\000V\000R\000\137\000U\000P\000L\000O\000A\000D}{subsection.5.2.2}
\BOOKMARK [2][-]{subsection.5.2.3}{\376\377\000T\000y\000p\000e\000d\000e\000f\000\040\000D\000o\000c\000u\000m\000e\000n\000t\000a\000t\000i\000o\000n}{section.5.2}
\BOOKMARK [3][-]{subsubsection.5.2.3.1}{\376\377\000m\000d\0002\000\137\000s\000t\000a\000t\000u\000s\000\137\000t}{subsection.5.2.3}
\BOOKMARK [2][-]{subsection.5.2.4}{\376\377\000F\000u\000n\000c\000t\000i\000o\000n\000\040\000D\000o\000c\000u\000m\000e\000n\000t\000a\000t\000i\000o\000n}{section.5.2}
\BOOKMARK [3][-]{subsubsection.5.2.4.1}{\376\377\000c\000l\000e\000a\000n\000s\000t\000r}{subsection.5.2.4}
\BOOKMARK [3][-]{subsubsection.5.2.4.2}{\376\377\000h\000e\000x\000\137\000d\000u\000m\000p}{subsection.5.2.4}
\BOOKMARK [3][-]{subsubsection.5.2.4.3}{\376\377\000i\000f}{subsection.5.2.4}
\BOOKMARK [3][-]{subsubsection.5.2.4.4}{\376\377\000i\000f}{subsection.5.2.4}
\BOOKMARK [3][-]{subsubsection.5.2.4.5}{\376\377\000i\000f}{subsection.5.2.4}
\BOOKMARK [3][-]{subsubsection.5.2.4.6}{\376\377\000l\000s\000C\000o\000n\000n\000e\000c\000t}{subsection.5.2.4}
\BOOKMARK [3][-]{subsubsection.5.2.4.7}{\376\377\000l\000s\000p\000m\000a\000c\000\137\000b\000i\000o\000\137\000i\000n\000i\000t}{subsection.5.2.4}
\BOOKMARK [3][-]{subsubsection.5.2.4.8}{\376\377\000l\000s\000p\000m\000a\000c\000\137\000b\000i\000o\000\137\000r\000e\000a\000d}{subsection.5.2.4}
\BOOKMARK [3][-]{subsubsection.5.2.4.9}{\376\377\000l\000s\000p\000m\000a\000c\000\137\000d\000a\000c\000\137\000i\000n\000i\000t}{subsection.5.2.4}
\BOOKMARK [3][-]{subsubsection.5.2.4.10}{\376\377\000l\000s\000p\000m\000a\000c\000\137\000d\000a\000c\000\137\000r\000e\000a\000d}{subsection.5.2.4}
\BOOKMARK [3][-]{subsubsection.5.2.4.11}{\376\377\000l\000s\000p\000m\000a\000c\000\137\000E\000r\000r\000o\000r}{subsection.5.2.4}
\BOOKMARK [3][-]{subsubsection.5.2.4.12}{\376\377\000l\000s\000p\000m\000a\000c\000\137\000f\000s\000h\000u\000t\000\137\000i\000n\000i\000t}{subsection.5.2.4}
\BOOKMARK [3][-]{subsubsection.5.2.4.13}{\376\377\000l\000s\000p\000m\000a\000c\000\137\000g\000e\000t\000\137\000s\000t\000a\000t\000u\000s}{subsection.5.2.4}
\BOOKMARK [3][-]{subsubsection.5.2.4.14}{\376\377\000l\000s\000p\000m\000a\000c\000\137\000g\000e\000t\000\137\000s\000t\000a\000t\000u\000s\000\137\000c\000b}{subsection.5.2.4}
\BOOKMARK [3][-]{subsubsection.5.2.4.15}{\376\377\000l\000s\000p\000m\000a\000c\000\137\000G\000e\000t\000A\000l\000l\000I\000V\000a\000r\000s}{subsection.5.2.4}
\BOOKMARK [3][-]{subsubsection.5.2.4.16}{\376\377\000l\000s\000p\000m\000a\000c\000\137\000G\000e\000t\000A\000l\000l\000I\000V\000a\000r\000s\000C\000B}{subsection.5.2.4}
\BOOKMARK [3][-]{subsubsection.5.2.4.17}{\376\377\000l\000s\000p\000m\000a\000c\000\137\000G\000e\000t\000A\000l\000l\000M\000V\000a\000r\000s}{subsection.5.2.4}
\BOOKMARK [3][-]{subsubsection.5.2.4.18}{\376\377\000l\000s\000p\000m\000a\000c\000\137\000G\000e\000t\000A\000l\000l\000M\000V\000a\000r\000s\000C\000B}{subsection.5.2.4}
\BOOKMARK [3][-]{subsubsection.5.2.4.19}{\376\377\000l\000s\000p\000m\000a\000c\000\137\000G\000e\000t\000m\000e\000m}{subsection.5.2.4}
\BOOKMARK [3][-]{subsubsection.5.2.4.20}{\376\377\000l\000s\000p\000m\000a\000c\000\137\000G\000e\000t\000m\000e\000m\000R\000e\000p\000l\000y\000C\000B}{subsection.5.2.4}
\BOOKMARK [3][-]{subsubsection.5.2.4.21}{\376\377\000l\000s\000p\000m\000a\000c\000\137\000G\000e\000t\000S\000h\000o\000r\000t\000R\000e\000p\000l\000y\000C\000B}{subsection.5.2.4}
\BOOKMARK [3][-]{subsubsection.5.2.4.22}{\376\377\000l\000s\000p\000m\000a\000c\000\137\000i\000n\000i\000t}{subsection.5.2.4}
\BOOKMARK [3][-]{subsubsection.5.2.4.23}{\376\377\000l\000s\000p\000m\000a\000c\000\137\000l\000u\000t}{subsection.5.2.4}
\BOOKMARK [3][-]{subsubsection.5.2.4.24}{\376\377\000l\000s\000p\000m\000a\000c\000\137\000m\000o\000t\000o\000r\000\137\000i\000n\000i\000t}{subsection.5.2.4}
\BOOKMARK [3][-]{subsubsection.5.2.4.25}{\376\377\000l\000s\000p\000m\000a\000c\000\137\000m\000o\000v\000e\000a\000b\000s\000\137\000b\000i\000o\000\137\000q\000u\000e\000u\000e}{subsection.5.2.4}
\BOOKMARK [3][-]{subsubsection.5.2.4.26}{\376\377\000l\000s\000p\000m\000a\000c\000\137\000m\000o\000v\000e\000a\000b\000s\000\137\000f\000s\000h\000u\000t\000\137\000q\000u\000e\000u\000e}{subsection.5.2.4}
\BOOKMARK [3][-]{subsubsection.5.2.4.27}{\376\377\000l\000s\000p\000m\000a\000c\000\137\000m\000o\000v\000e\000a\000b\000s\000\137\000q\000u\000e\000u\000e}{subsection.5.2.4}
\BOOKMARK [3][-]{subsubsection.5.2.4.28}{\376\377\000l\000s\000p\000m\000a\000c\000\137\000m\000o\000v\000e\000a\000b\000s\000\137\000w\000a\000i\000t}{subsection.5.2.4}
\BOOKMARK [3][-]{subsubsection.5.2.4.29}{\376\377\000l\000s\000p\000m\000a\000c\000\137\000m\000o\000v\000e\000d\000a\000c\000\137\000q\000u\000e\000u\000e}{subsection.5.2.4}
\BOOKMARK [3][-]{subsubsection.5.2.4.30}{\376\377\000l\000s\000p\000m\000a\000c\000\137\000m\000o\000v\000e\000z\000o\000o\000m\000\137\000q\000u\000e\000u\000e}{subsection.5.2.4}
\BOOKMARK [3][-]{subsubsection.5.2.4.31}{\376\377\000l\000s\000p\000m\000a\000c\000\137\000n\000e\000x\000t\000\137\000s\000t\000a\000t\000e}{subsection.5.2.4}
\BOOKMARK [3][-]{subsubsection.5.2.4.32}{\376\377\000l\000s\000p\000m\000a\000c\000\137\000p\000m\000a\000c\000m\000o\000t\000o\000r\000\137\000r\000e\000a\000d}{subsection.5.2.4}
\BOOKMARK [3][-]{subsubsection.5.2.4.33}{\376\377\000l\000s\000p\000m\000a\000c\000\137\000p\000o\000p\000\137\000q\000u\000e\000u\000e}{subsection.5.2.4}
\BOOKMARK [3][-]{subsubsection.5.2.4.34}{\376\377\000l\000s\000p\000m\000a\000c\000\137\000p\000o\000p\000\137\000r\000e\000p\000l\000y}{subsection.5.2.4}
\BOOKMARK [3][-]{subsubsection.5.2.4.35}{\376\377\000l\000s\000p\000m\000a\000c\000\137\000p\000u\000s\000h\000\137\000q\000u\000e\000u\000e}{subsection.5.2.4}
\BOOKMARK [3][-]{subsubsection.5.2.4.36}{\376\377\000l\000s\000p\000m\000a\000c\000\137\000R\000e\000s\000e\000t}{subsection.5.2.4}
\BOOKMARK [3][-]{subsubsection.5.2.4.37}{\376\377\000l\000s\000p\000m\000a\000c\000\137\000r\000u\000n}{subsection.5.2.4}
\BOOKMARK [3][-]{subsubsection.5.2.4.38}{\376\377\000l\000s\000p\000m\000a\000c\000\137\000s\000e\000n\000d\000\137\000c\000o\000m\000m\000a\000n\000d}{subsection.5.2.4}
\BOOKMARK [3][-]{subsubsection.5.2.4.39}{\376\377\000l\000s\000p\000m\000a\000c\000\137\000s\000e\000n\000d\000c\000m\000d\000\137\000n\000o\000c\000b}{subsection.5.2.4}
\BOOKMARK [3][-]{subsubsection.5.2.4.40}{\376\377\000l\000s\000p\000m\000a\000c\000\137\000S\000e\000n\000d\000C\000o\000n\000t\000r\000o\000l\000R\000e\000p\000l\000y\000P\000r\000i\000n\000t\000C\000B}{subsection.5.2.4}
\BOOKMARK [3][-]{subsubsection.5.2.4.41}{\376\377\000l\000s\000p\000m\000a\000c\000\137\000S\000e\000r\000v\000i\000c\000e}{subsection.5.2.4}
\BOOKMARK [3][-]{subsubsection.5.2.4.42}{\376\377\000l\000s\000p\000m\000a\000c\000\137\000s\000h\000u\000t\000t\000e\000r\000\137\000r\000e\000a\000d}{subsection.5.2.4}
\BOOKMARK [3][-]{subsubsection.5.2.4.43}{\376\377\000l\000s\000p\000m\000a\000c\000\137\000S\000o\000c\000k\000F\000l\000u\000s\000h}{subsection.5.2.4}
\BOOKMARK [3][-]{subsubsection.5.2.4.44}{\376\377\000l\000s\000p\000m\000a\000c\000\137\000S\000o\000c\000k\000G\000e\000t\000m\000e\000m}{subsection.5.2.4}
\BOOKMARK [3][-]{subsubsection.5.2.4.45}{\376\377\000l\000s\000p\000m\000a\000c\000\137\000S\000o\000c\000k\000S\000e\000n\000d\000C\000o\000n\000t\000r\000o\000l\000C\000h\000a\000r\000P\000r\000i\000n\000t}{subsection.5.2.4}
\BOOKMARK [3][-]{subsubsection.5.2.4.46}{\376\377\000l\000s\000p\000m\000a\000c\000\137\000S\000o\000c\000k\000S\000e\000n\000d\000l\000i\000n\000e}{subsection.5.2.4}
\BOOKMARK [3][-]{subsubsection.5.2.4.47}{\376\377\000l\000s\000p\000m\000a\000c\000\137\000S\000o\000c\000k\000S\000e\000n\000d\000l\000i\000n\000e\000\137\000n\000r}{subsection.5.2.4}
\BOOKMARK [3][-]{subsubsection.5.2.4.48}{\376\377\000l\000s\000p\000m\000a\000c\000\137\000w\000o\000r\000k\000e\000r}{subsection.5.2.4}
\BOOKMARK [2][-]{subsection.5.2.5}{\376\377\000V\000a\000r\000i\000a\000b\000l\000e\000\040\000D\000o\000c\000u\000m\000e\000n\000t\000a\000t\000i\000o\000n}{section.5.2}
\BOOKMARK [3][-]{subsubsection.5.2.5.1}{\376\377\000a\000l\000i\000g\000n\000x}{subsection.5.2.5}
\BOOKMARK [3][-]{subsubsection.5.2.5.2}{\376\377\000a\000l\000i\000g\000n\000y}{subsection.5.2.5}
\BOOKMARK [3][-]{subsubsection.5.2.5.3}{\376\377\000a\000l\000i\000g\000n\000z}{subsection.5.2.5}
\BOOKMARK [3][-]{subsubsection.5.2.5.4}{\376\377\000a\000n\000a\000l}{subsection.5.2.5}
\BOOKMARK [3][-]{subsubsection.5.2.5.5}{\376\377\000a\000p\000e\000r\000y}{subsection.5.2.5}
\BOOKMARK [3][-]{subsubsection.5.2.5.6}{\376\377\000a\000p\000e\000r\000z}{subsection.5.2.5}
\BOOKMARK [3][-]{subsubsection.5.2.5.7}{\376\377\000b\000l\000i\000g\000h\000t}{subsection.5.2.5}
\BOOKMARK [3][-]{subsubsection.5.2.5.8}{\376\377\000b\000l\000i\000g\000h\000t\000\137\000u\000d}{subsection.5.2.5}
\BOOKMARK [3][-]{subsubsection.5.2.5.9}{\376\377\000c\000a\000p\000y}{subsection.5.2.5}
\BOOKMARK [3][-]{subsubsection.5.2.5.10}{\376\377\000c\000a\000p\000z}{subsection.5.2.5}
\BOOKMARK [3][-]{subsubsection.5.2.5.11}{\376\377\000c\000e\000n\000x}{subsection.5.2.5}
\BOOKMARK [3][-]{subsubsection.5.2.5.12}{\376\377\000c\000e\000n\000y}{subsection.5.2.5}
\BOOKMARK [3][-]{subsubsection.5.2.5.13}{\376\377\000c\000r\000\137\000c\000m\000d}{subsection.5.2.5}
\BOOKMARK [3][-]{subsubsection.5.2.5.14}{\376\377\000d\000b\000m\000e\000m}{subsection.5.2.5}
\BOOKMARK [3][-]{subsubsection.5.2.5.15}{\376\377\000d\000b\000m\000e\000m\000I\000n}{subsection.5.2.5}
\BOOKMARK [3][-]{subsubsection.5.2.5.16}{\376\377\000e\000t\000h\000C\000m\000d\000O\000f\000f}{subsection.5.2.5}
\BOOKMARK [3][-]{subsubsection.5.2.5.17}{\376\377\000e\000t\000h\000C\000m\000d\000O\000n}{subsection.5.2.5}
\BOOKMARK [3][-]{subsubsection.5.2.5.18}{\376\377\000e\000t\000h\000C\000m\000d\000Q\000u\000e\000u\000e}{subsection.5.2.5}
\BOOKMARK [3][-]{subsubsection.5.2.5.19}{\376\377\000e\000t\000h\000C\000m\000d\000R\000e\000p\000l\000y}{subsection.5.2.5}
\BOOKMARK [3][-]{subsubsection.5.2.5.20}{\376\377\000f\000l\000i\000g\000h\000t}{subsection.5.2.5}
\BOOKMARK [3][-]{subsubsection.5.2.5.21}{\376\377\000f\000s\000c\000i\000n\000t}{subsection.5.2.5}
\BOOKMARK [3][-]{subsubsection.5.2.5.22}{\376\377\000f\000s\000h\000u\000t}{subsection.5.2.5}
\BOOKMARK [3][-]{subsubsection.5.2.5.23}{\376\377\000g\000b\000\137\000c\000m\000d}{subsection.5.2.5}
\BOOKMARK [3][-]{subsubsection.5.2.5.24}{\376\377\000g\000e\000t\000i\000v\000a\000r\000s}{subsection.5.2.5}
\BOOKMARK [3][-]{subsubsection.5.2.5.25}{\376\377\000g\000e\000t\000m\000v\000a\000r\000s}{subsection.5.2.5}
\BOOKMARK [3][-]{subsubsection.5.2.5.26}{\376\377\000k\000a\000p\000p\000a}{subsection.5.2.5}
\BOOKMARK [3][-]{subsubsection.5.2.5.27}{\376\377\000l\000i\000n\000e\000s\000R\000e\000c\000e\000i\000v\000e\000d}{subsection.5.2.5}
\BOOKMARK [3][-]{subsubsection.5.2.5.28}{\376\377\000l\000s\000\137\000p\000m\000a\000c\000\137\000s\000t\000a\000t\000e}{subsection.5.2.5}
\BOOKMARK [3][-]{subsubsection.5.2.5.29}{\376\377\000l\000s\000p\000m\000a\000c\000\137\000m\000o\000t\000o\000r\000s}{subsection.5.2.5}
\BOOKMARK [3][-]{subsubsection.5.2.5.30}{\376\377\000l\000s\000p\000m\000a\000c\000\137\000m\000o\000v\000i\000n\000g\000\137\000c\000o\000n\000d}{subsection.5.2.5}
\BOOKMARK [3][-]{subsubsection.5.2.5.31}{\376\377\000l\000s\000p\000m\000a\000c\000\137\000m\000o\000v\000i\000n\000g\000\137\000f\000l\000a\000g\000s}{subsection.5.2.5}
\BOOKMARK [3][-]{subsubsection.5.2.5.32}{\376\377\000l\000s\000p\000m\000a\000c\000\137\000m\000o\000v\000i\000n\000g\000\137\000m\000u\000t\000e\000x}{subsection.5.2.5}
\BOOKMARK [3][-]{subsubsection.5.2.5.33}{\376\377\000l\000s\000p\000m\000a\000c\000\137\000n\000m\000o\000t\000o\000r\000s}{subsection.5.2.5}
\BOOKMARK [3][-]{subsubsection.5.2.5.34}{\376\377\000l\000s\000p\000m\000a\000c\000\137\000s\000h\000u\000t\000t\000e\000r\000\137\000c\000o\000n\000d}{subsection.5.2.5}
\BOOKMARK [3][-]{subsubsection.5.2.5.35}{\376\377\000l\000s\000p\000m\000a\000c\000\137\000s\000h\000u\000t\000t\000e\000r\000\137\000h\000a\000s\000\137\000o\000p\000e\000n\000e\000d}{subsection.5.2.5}
\BOOKMARK [3][-]{subsubsection.5.2.5.36}{\376\377\000l\000s\000p\000m\000a\000c\000\137\000s\000h\000u\000t\000t\000e\000r\000\137\000m\000u\000t\000e\000x}{subsection.5.2.5}
\BOOKMARK [3][-]{subsubsection.5.2.5.37}{\376\377\000l\000s\000p\000m\000a\000c\000\137\000s\000h\000u\000t\000t\000e\000r\000\137\000s\000t\000a\000t\000e}{subsection.5.2.5}
\BOOKMARK [3][-]{subsubsection.5.2.5.38}{\376\377\000m\000d\0002\000\137\000s\000t\000a\000t\000u\000s}{subsection.5.2.5}
\BOOKMARK [3][-]{subsubsection.5.2.5.39}{\376\377\000m\000d\0002\000\137\000s\000t\000a\000t\000u\000s\000\137\000m\000u\000t\000e\000x}{subsection.5.2.5}
\BOOKMARK [3][-]{subsubsection.5.2.5.40}{\376\377\000n\000o\000w}{subsection.5.2.5}
\BOOKMARK [3][-]{subsubsection.5.2.5.41}{\376\377\000o\000m\000e\000g\000a}{subsection.5.2.5}
\BOOKMARK [3][-]{subsubsection.5.2.5.42}{\376\377\000p\000h\000i}{subsection.5.2.5}
\BOOKMARK [3][-]{subsubsection.5.2.5.43}{\376\377\000p\000m\000a\000c\000\137\000e\000r\000r\000o\000r\000\137\000s\000t\000r\000s}{subsection.5.2.5}
\BOOKMARK [3][-]{subsubsection.5.2.5.44}{\376\377\000p\000m\000a\000c\000\137\000q\000u\000e\000u\000e\000\137\000c\000o\000n\000d}{subsection.5.2.5}
\BOOKMARK [3][-]{subsubsection.5.2.5.45}{\376\377\000p\000m\000a\000c\000\137\000q\000u\000e\000u\000e\000\137\000m\000u\000t\000e\000x}{subsection.5.2.5}
\BOOKMARK [3][-]{subsubsection.5.2.5.46}{\376\377\000p\000m\000a\000c\000\137\000t\000h\000r\000e\000a\000d}{subsection.5.2.5}
\BOOKMARK [3][-]{subsubsection.5.2.5.47}{\376\377\000p\000m\000a\000c\000f\000d}{subsection.5.2.5}
\BOOKMARK [3][-]{subsubsection.5.2.5.48}{\376\377\000r\000r\000\137\000c\000m\000d}{subsection.5.2.5}
\BOOKMARK [3][-]{subsubsection.5.2.5.49}{\376\377\000s\000c\000i\000n\000z}{subsection.5.2.5}
\BOOKMARK [3][-]{subsubsection.5.2.5.50}{\376\377\000z\000o\000o\000m}{subsection.5.2.5}
\BOOKMARK [1][-]{section.5.3}{\376\377\000l\000s\000u\000p\000d\000a\000t\000e\000.\000c\000\040\000F\000i\000l\000e\000\040\000R\000e\000f\000e\000r\000e\000n\000c\000e}{chapter.5}
\BOOKMARK [2][-]{subsection.5.3.1}{\376\377\000D\000e\000t\000a\000i\000l\000e\000d\000\040\000D\000e\000s\000c\000r\000i\000p\000t\000i\000o\000n}{section.5.3}
\BOOKMARK [2][-]{subsection.5.3.2}{\376\377\000F\000u\000n\000c\000t\000i\000o\000n\000\040\000D\000o\000c\000u\000m\000e\000n\000t\000a\000t\000i\000o\000n}{section.5.3}
\BOOKMARK [3][-]{subsubsection.5.3.2.1}{\376\377\000l\000s\000u\000p\000d\000a\000t\000e\000\137\000i\000n\000i\000t}{subsection.5.3.2}
\BOOKMARK [3][-]{subsubsection.5.3.2.2}{\376\377\000l\000s\000u\000p\000d\000a\000t\000e\000\137\000r\000u\000n}{subsection.5.3.2}
\BOOKMARK [3][-]{subsubsection.5.3.2.3}{\376\377\000l\000s\000u\000p\000d\000a\000t\000e\000\137\000u\000p\000d\000a\000t\000e\000i\000t}{subsection.5.3.2}
\BOOKMARK [3][-]{subsubsection.5.3.2.4}{\376\377\000l\000s\000u\000p\000d\000a\000t\000e\000\137\000w\000o\000r\000k\000e\000r}{subsection.5.3.2}
\BOOKMARK [2][-]{subsection.5.3.3}{\376\377\000V\000a\000r\000i\000a\000b\000l\000e\000\040\000D\000o\000c\000u\000m\000e\000n\000t\000a\000t\000i\000o\000n}{section.5.3}
\BOOKMARK [3][-]{subsubsection.5.3.3.1}{\376\377\000l\000s\000u\000p\000d\000a\000t\000e\000\137\000t\000h\000r\000e\000a\000d}{subsection.5.3.3}
\BOOKMARK [1][-]{section.5.4}{\376\377\000m\000d\0002\000c\000m\000d\000s\000.\000c\000\040\000F\000i\000l\000e\000\040\000R\000e\000f\000e\000r\000e\000n\000c\000e}{chapter.5}
\BOOKMARK [2][-]{subsection.5.4.1}{\376\377\000D\000e\000t\000a\000i\000l\000e\000d\000\040\000D\000e\000s\000c\000r\000i\000p\000t\000i\000o\000n}{section.5.4}
\BOOKMARK [2][-]{subsection.5.4.2}{\376\377\000F\000u\000n\000c\000t\000i\000o\000n\000\040\000D\000o\000c\000u\000m\000e\000n\000t\000a\000t\000i\000o\000n}{section.5.4}
\BOOKMARK [3][-]{subsubsection.5.4.2.1}{\376\377\000l\000o\000g\000t\000i\000m\000e}{subsection.5.4.2}
\BOOKMARK [3][-]{subsubsection.5.4.2.2}{\376\377\000m\000d\0002\000c\000m\000d\000s\000\137\000c\000e\000n\000t\000e\000r}{subsection.5.4.2}
\BOOKMARK [3][-]{subsubsection.5.4.2.3}{\376\377\000m\000d\0002\000c\000m\000d\000s\000\137\000c\000o\000l\000l\000e\000c\000t}{subsection.5.4.2}
\BOOKMARK [3][-]{subsubsection.5.4.2.4}{\376\377\000m\000d\0002\000c\000m\000d\000s\000\137\000i\000n\000i\000t}{subsection.5.4.2}
\BOOKMARK [3][-]{subsubsection.5.4.2.5}{\376\377\000m\000d\0002\000c\000m\000d\000s\000\137\000m\000o\000v\000e\000A\000b\000s}{subsection.5.4.2}
\BOOKMARK [3][-]{subsubsection.5.4.2.6}{\376\377\000m\000d\0002\000c\000m\000d\000s\000\137\000m\000v\000c\000e\000n\000t\000e\000r\000\137\000m\000o\000v\000e}{subsection.5.4.2}
\BOOKMARK [3][-]{subsubsection.5.4.2.7}{\376\377\000m\000d\0002\000c\000m\000d\000s\000\137\000m\000v\000c\000e\000n\000t\000e\000r\000\137\000p\000r\000e\000p}{subsection.5.4.2}
\BOOKMARK [3][-]{subsubsection.5.4.2.8}{\376\377\000m\000d\0002\000c\000m\000d\000s\000\137\000m\000v\000c\000e\000n\000t\000e\000r\000\137\000w\000a\000i\000t}{subsection.5.4.2}
\BOOKMARK [3][-]{subsubsection.5.4.2.9}{\376\377\000m\000d\0002\000c\000m\000d\000s\000\137\000r\000o\000t\000a\000t\000e}{subsection.5.4.2}
\BOOKMARK [3][-]{subsubsection.5.4.2.10}{\376\377\000m\000d\0002\000c\000m\000d\000s\000\137\000r\000u\000n}{subsection.5.4.2}
\BOOKMARK [3][-]{subsubsection.5.4.2.11}{\376\377\000m\000d\0002\000c\000m\000d\000s\000\137\000t\000r\000a\000n\000s\000f\000e\000r}{subsection.5.4.2}
\BOOKMARK [3][-]{subsubsection.5.4.2.12}{\376\377\000m\000d\0002\000c\000m\000d\000s\000\137\000w\000o\000r\000k\000e\000r}{subsection.5.4.2}
\BOOKMARK [2][-]{subsection.5.4.3}{\376\377\000V\000a\000r\000i\000a\000b\000l\000e\000\040\000D\000o\000c\000u\000m\000e\000n\000t\000a\000t\000i\000o\000n}{section.5.4}
\BOOKMARK [3][-]{subsubsection.5.4.3.1}{\376\377\000m\000d\0002\000c\000m\000d\000s\000\137\000c\000m\000d}{subsection.5.4.3}
\BOOKMARK [3][-]{subsubsection.5.4.3.2}{\376\377\000m\000d\0002\000c\000m\000d\000s\000\137\000c\000o\000n\000d}{subsection.5.4.3}
\BOOKMARK [3][-]{subsubsection.5.4.3.3}{\376\377\000m\000d\0002\000c\000m\000d\000s\000\137\000m\000u\000t\000e\000x}{subsection.5.4.3}
\BOOKMARK [3][-]{subsubsection.5.4.3.4}{\376\377\000m\000d\0002\000c\000m\000d\000s\000\137\000p\000g\000\137\000c\000o\000n\000d}{subsection.5.4.3}
\BOOKMARK [3][-]{subsubsection.5.4.3.5}{\376\377\000m\000d\0002\000c\000m\000d\000s\000\137\000p\000g\000\137\000m\000u\000t\000e\000x}{subsection.5.4.3}
\BOOKMARK [3][-]{subsubsection.5.4.3.6}{\376\377\000m\000d\0002\000c\000m\000d\000s\000\137\000t\000h\000r\000e\000a\000d}{subsection.5.4.3}
\BOOKMARK [1][-]{section.5.5}{\376\377\000p\000g\000p\000m\000a\000c\000.\000c\000\040\000F\000i\000l\000e\000\040\000R\000e\000f\000e\000r\000e\000n\000c\000e}{chapter.5}
\BOOKMARK [2][-]{subsection.5.5.1}{\376\377\000D\000e\000t\000a\000i\000l\000e\000d\000\040\000D\000e\000s\000c\000r\000i\000p\000t\000i\000o\000n}{section.5.5}
\BOOKMARK [2][-]{subsection.5.5.2}{\376\377\000F\000u\000n\000c\000t\000i\000o\000n\000\040\000D\000o\000c\000u\000m\000e\000n\000t\000a\000t\000i\000o\000n}{section.5.5}
\BOOKMARK [3][-]{subsubsection.5.5.2.1}{\376\377\000m\000a\000i\000n}{subsection.5.5.2}
\BOOKMARK [3][-]{subsubsection.5.5.2.2}{\376\377\000p\000g\000p\000m\000a\000c\000\137\000p\000r\000i\000n\000t\000f}{subsection.5.5.2}
\BOOKMARK [3][-]{subsubsection.5.5.2.3}{\376\377\000s\000t\000d\000i\000n\000S\000e\000r\000v\000i\000c\000e}{subsection.5.5.2}
\BOOKMARK [2][-]{subsection.5.5.3}{\376\377\000V\000a\000r\000i\000a\000b\000l\000e\000\040\000D\000o\000c\000u\000m\000e\000n\000t\000a\000t\000i\000o\000n}{section.5.5}
\BOOKMARK [3][-]{subsubsection.5.5.3.1}{\376\377\000n\000c\000u\000r\000s\000e\000s\000\137\000m\000u\000t\000e\000x}{subsection.5.5.3}
\BOOKMARK [3][-]{subsubsection.5.5.3.2}{\376\377\000s\000t\000d\000i\000n\000f\000d\000a}{subsection.5.5.3}
\BOOKMARK [3][-]{subsubsection.5.5.3.3}{\376\377\000t\000e\000r\000m\000\137\000i\000n\000p\000u\000t}{subsection.5.5.3}
\BOOKMARK [3][-]{subsubsection.5.5.3.4}{\376\377\000t\000e\000r\000m\000\137\000o\000u\000t\000p\000u\000t}{subsection.5.5.3}
\BOOKMARK [3][-]{subsubsection.5.5.3.5}{\376\377\000t\000e\000r\000m\000\137\000s\000t\000a\000t\000u\000s}{subsection.5.5.3}
\BOOKMARK [3][-]{subsubsection.5.5.3.6}{\376\377\000t\000e\000r\000m\000\137\000s\000t\000a\000t\000u\000s\0002}{subsection.5.5.3}
\BOOKMARK [1][-]{section.5.6}{\376\377\000p\000g\000p\000m\000a\000c\000.\000h\000\040\000F\000i\000l\000e\000\040\000R\000e\000f\000e\000r\000e\000n\000c\000e}{chapter.5}
\BOOKMARK [2][-]{subsection.5.6.1}{\376\377\000D\000e\000t\000a\000i\000l\000e\000d\000\040\000D\000e\000s\000c\000r\000i\000p\000t\000i\000o\000n}{section.5.6}
\BOOKMARK [2][-]{subsection.5.6.2}{\376\377\000D\000e\000f\000i\000n\000e\000\040\000D\000o\000c\000u\000m\000e\000n\000t\000a\000t\000i\000o\000n}{section.5.6}
\BOOKMARK [3][-]{subsubsection.5.6.2.1}{\376\377\000L\000S\000\137\000D\000I\000S\000P\000L\000A\000Y\000\137\000W\000I\000N\000D\000O\000W\000\137\000H\000E\000I\000G\000H\000T}{subsection.5.6.2}
\BOOKMARK [3][-]{subsubsection.5.6.2.2}{\376\377\000L\000S\000\137\000D\000I\000S\000P\000L\000A\000Y\000\137\000W\000I\000N\000D\000O\000W\000\137\000W\000I\000D\000T\000H}{subsection.5.6.2}
\BOOKMARK [3][-]{subsubsection.5.6.2.3}{\376\377\000L\000S\000\137\000P\000G\000\137\000Q\000U\000E\000R\000Y\000\137\000S\000T\000R\000I\000N\000G\000\137\000L\000E\000N\000G\000T\000H}{subsection.5.6.2}
\BOOKMARK [3][-]{subsubsection.5.6.2.4}{\376\377\000M\000D\0002\000C\000M\000D\000S\000\137\000C\000M\000D\000\137\000L\000E\000N\000G\000T\000H}{subsection.5.6.2}
\BOOKMARK [2][-]{subsection.5.6.3}{\376\377\000T\000y\000p\000e\000d\000e\000f\000\040\000D\000o\000c\000u\000m\000e\000n\000t\000a\000t\000i\000o\000n}{section.5.6}
\BOOKMARK [3][-]{subsubsection.5.6.3.1}{\376\377\000l\000s\000p\000g\000\137\000n\000e\000x\000t\000s\000h\000o\000t\000\137\000t}{subsection.5.6.3}
\BOOKMARK [3][-]{subsubsection.5.6.3.2}{\376\377\000l\000s\000p\000m\000a\000c\000\137\000m\000o\000t\000o\000r\000\137\000t}{subsection.5.6.3}
\BOOKMARK [3][-]{subsubsection.5.6.3.3}{\376\377\000p\000m\000a\000c\000\137\000c\000m\000d\000\137\000q\000u\000e\000u\000e\000\137\000t}{subsection.5.6.3}
\BOOKMARK [3][-]{subsubsection.5.6.3.4}{\376\377\000p\000m\000a\000c\000\137\000c\000m\000d\000\137\000t}{subsection.5.6.3}
\BOOKMARK [2][-]{subsection.5.6.4}{\376\377\000F\000u\000n\000c\000t\000i\000o\000n\000\040\000D\000o\000c\000u\000m\000e\000n\000t\000a\000t\000i\000o\000n}{section.5.6}
\BOOKMARK [3][-]{subsubsection.5.6.4.1}{\376\377\000l\000s\000p\000g\000\137\000i\000n\000i\000t}{subsection.5.6.4}
\BOOKMARK [3][-]{subsubsection.5.6.4.2}{\376\377\000l\000s\000p\000g\000\137\000r\000u\000n}{subsection.5.6.4}
\BOOKMARK [3][-]{subsubsection.5.6.4.3}{\376\377\000l\000s\000p\000g\000\137\000s\000e\000q\000\137\000r\000u\000n\000\137\000p\000r\000e\000p\000\137\000a\000l\000l}{subsection.5.6.4}
\BOOKMARK [3][-]{subsubsection.5.6.4.4}{\376\377\000l\000s\000p\000g\000\137\000z\000o\000o\000m\000\137\000l\000u\000t\000\137\000c\000a\000l\000l}{subsection.5.6.4}
\BOOKMARK [3][-]{subsubsection.5.6.4.5}{\376\377\000l\000s\000p\000m\000a\000c\000\137\000i\000n\000i\000t}{subsection.5.6.4}
\BOOKMARK [3][-]{subsubsection.5.6.4.6}{\376\377\000l\000s\000p\000m\000a\000c\000\137\000r\000u\000n}{subsection.5.6.4}
\BOOKMARK [3][-]{subsubsection.5.6.4.7}{\376\377\000l\000s\000u\000p\000d\000a\000t\000e\000\137\000i\000n\000i\000t}{subsection.5.6.4}
\BOOKMARK [3][-]{subsubsection.5.6.4.8}{\376\377\000l\000s\000u\000p\000d\000a\000t\000e\000\137\000r\000u\000n}{subsection.5.6.4}
\BOOKMARK [3][-]{subsubsection.5.6.4.9}{\376\377\000m\000d\0002\000c\000m\000d\000s\000\137\000i\000n\000i\000t}{subsection.5.6.4}
\BOOKMARK [3][-]{subsubsection.5.6.4.10}{\376\377\000m\000d\0002\000c\000m\000d\000s\000\137\000r\000u\000n}{subsection.5.6.4}
\BOOKMARK [3][-]{subsubsection.5.6.4.11}{\376\377\000p\000g\000p\000m\000a\000c\000\137\000p\000r\000i\000n\000t\000f}{subsection.5.6.4}
\BOOKMARK [3][-]{subsubsection.5.6.4.12}{\376\377\000P\000m\000a\000c\000S\000o\000c\000k\000S\000e\000n\000d\000l\000i\000n\000e}{subsection.5.6.4}
\BOOKMARK [2][-]{subsection.5.6.5}{\376\377\000V\000a\000r\000i\000a\000b\000l\000e\000\040\000D\000o\000c\000u\000m\000e\000n\000t\000a\000t\000i\000o\000n}{section.5.6}
\BOOKMARK [3][-]{subsubsection.5.6.5.1}{\376\377\000a\000l\000i\000g\000n\000x}{subsection.5.6.5}
\BOOKMARK [3][-]{subsubsection.5.6.5.2}{\376\377\000a\000l\000i\000g\000n\000y}{subsection.5.6.5}
\BOOKMARK [3][-]{subsubsection.5.6.5.3}{\376\377\000a\000l\000i\000g\000n\000z}{subsection.5.6.5}
\BOOKMARK [3][-]{subsubsection.5.6.5.4}{\376\377\000a\000n\000a\000l}{subsection.5.6.5}
\BOOKMARK [3][-]{subsubsection.5.6.5.5}{\376\377\000a\000p\000e\000r\000y}{subsection.5.6.5}
\BOOKMARK [3][-]{subsubsection.5.6.5.6}{\376\377\000a\000p\000e\000r\000z}{subsection.5.6.5}
\BOOKMARK [3][-]{subsubsection.5.6.5.7}{\376\377\000b\000l\000i\000g\000h\000t}{subsection.5.6.5}
\BOOKMARK [3][-]{subsubsection.5.6.5.8}{\376\377\000b\000l\000i\000g\000h\000t\000\137\000u\000p}{subsection.5.6.5}
\BOOKMARK [3][-]{subsubsection.5.6.5.9}{\376\377\000c\000a\000p\000y}{subsection.5.6.5}
\BOOKMARK [3][-]{subsubsection.5.6.5.10}{\376\377\000c\000a\000p\000z}{subsection.5.6.5}
\BOOKMARK [3][-]{subsubsection.5.6.5.11}{\376\377\000c\000e\000n\000x}{subsection.5.6.5}
\BOOKMARK [3][-]{subsubsection.5.6.5.12}{\376\377\000c\000e\000n\000y}{subsection.5.6.5}
\BOOKMARK [3][-]{subsubsection.5.6.5.13}{\376\377\000f\000l\000i\000g\000h\000t}{subsection.5.6.5}
\BOOKMARK [3][-]{subsubsection.5.6.5.14}{\376\377\000f\000s\000c\000i\000n\000t}{subsection.5.6.5}
\BOOKMARK [3][-]{subsubsection.5.6.5.15}{\376\377\000f\000s\000h\000u\000t}{subsection.5.6.5}
\BOOKMARK [3][-]{subsubsection.5.6.5.16}{\376\377\000k\000a\000p\000p\000a}{subsection.5.6.5}
\BOOKMARK [3][-]{subsubsection.5.6.5.17}{\376\377\000l\000s\000p\000g\000\137\000n\000e\000x\000t\000s\000h\000o\000t}{subsection.5.6.5}
\BOOKMARK [3][-]{subsubsection.5.6.5.18}{\376\377\000l\000s\000p\000m\000a\000c\000\137\000m\000o\000t\000o\000r\000s}{subsection.5.6.5}
\BOOKMARK [3][-]{subsubsection.5.6.5.19}{\376\377\000l\000s\000p\000m\000a\000c\000\137\000m\000o\000v\000i\000n\000g\000\137\000c\000o\000n\000d}{subsection.5.6.5}
\BOOKMARK [3][-]{subsubsection.5.6.5.20}{\376\377\000l\000s\000p\000m\000a\000c\000\137\000m\000o\000v\000i\000n\000g\000\137\000f\000l\000a\000g\000s}{subsection.5.6.5}
\BOOKMARK [3][-]{subsubsection.5.6.5.21}{\376\377\000l\000s\000p\000m\000a\000c\000\137\000m\000o\000v\000i\000n\000g\000\137\000m\000u\000t\000e\000x}{subsection.5.6.5}
\BOOKMARK [3][-]{subsubsection.5.6.5.22}{\376\377\000l\000s\000p\000m\000a\000c\000\137\000n\000m\000o\000t\000o\000r\000s}{subsection.5.6.5}
\BOOKMARK [3][-]{subsubsection.5.6.5.23}{\376\377\000l\000s\000p\000m\000a\000c\000\137\000s\000h\000u\000t\000t\000e\000r\000\137\000c\000o\000n\000d}{subsection.5.6.5}
\BOOKMARK [3][-]{subsubsection.5.6.5.24}{\376\377\000l\000s\000p\000m\000a\000c\000\137\000s\000h\000u\000t\000t\000e\000r\000\137\000h\000a\000s\000\137\000o\000p\000e\000n\000e\000d}{subsection.5.6.5}
\BOOKMARK [3][-]{subsubsection.5.6.5.25}{\376\377\000l\000s\000p\000m\000a\000c\000\137\000s\000h\000u\000t\000t\000e\000r\000\137\000m\000u\000t\000e\000x}{subsection.5.6.5}
\BOOKMARK [3][-]{subsubsection.5.6.5.26}{\376\377\000l\000s\000p\000m\000a\000c\000\137\000s\000h\000u\000t\000t\000e\000r\000\137\000s\000t\000a\000t\000e}{subsection.5.6.5}
\BOOKMARK [3][-]{subsubsection.5.6.5.27}{\376\377\000m\000d\0002\000\137\000s\000t\000a\000t\000u\000s\000\137\000m\000u\000t\000e\000x}{subsection.5.6.5}
\BOOKMARK [3][-]{subsubsection.5.6.5.28}{\376\377\000m\000d\0002\000c\000m\000d\000s\000\137\000c\000m\000d}{subsection.5.6.5}
\BOOKMARK [3][-]{subsubsection.5.6.5.29}{\376\377\000m\000d\0002\000c\000m\000d\000s\000\137\000c\000o\000n\000d}{subsection.5.6.5}
\BOOKMARK [3][-]{subsubsection.5.6.5.30}{\376\377\000m\000d\0002\000c\000m\000d\000s\000\137\000m\000u\000t\000e\000x}{subsection.5.6.5}
\BOOKMARK [3][-]{subsubsection.5.6.5.31}{\376\377\000m\000d\0002\000c\000m\000d\000s\000\137\000p\000g\000\137\000c\000o\000n\000d}{subsection.5.6.5}
\BOOKMARK [3][-]{subsubsection.5.6.5.32}{\376\377\000m\000d\0002\000c\000m\000d\000s\000\137\000p\000g\000\137\000m\000u\000t\000e\000x}{subsection.5.6.5}
\BOOKMARK [3][-]{subsubsection.5.6.5.33}{\376\377\000n\000c\000u\000r\000s\000e\000s\000\137\000m\000u\000t\000e\000x}{subsection.5.6.5}
\BOOKMARK [3][-]{subsubsection.5.6.5.34}{\376\377\000o\000m\000e\000g\000a}{subsection.5.6.5}
\BOOKMARK [3][-]{subsubsection.5.6.5.35}{\376\377\000p\000h\000i}{subsection.5.6.5}
\BOOKMARK [3][-]{subsubsection.5.6.5.36}{\376\377\000s\000c\000i\000n\000z}{subsection.5.6.5}
\BOOKMARK [3][-]{subsubsection.5.6.5.37}{\376\377\000t\000e\000r\000m\000\137\000i\000n\000p\000u\000t}{subsection.5.6.5}
\BOOKMARK [3][-]{subsubsection.5.6.5.38}{\376\377\000t\000e\000r\000m\000\137\000o\000u\000t\000p\000u\000t}{subsection.5.6.5}
\BOOKMARK [3][-]{subsubsection.5.6.5.39}{\376\377\000t\000e\000r\000m\000\137\000s\000t\000a\000t\000u\000s}{subsection.5.6.5}
\BOOKMARK [3][-]{subsubsection.5.6.5.40}{\376\377\000t\000e\000r\000m\000\137\000s\000t\000a\000t\000u\000s\0002}{subsection.5.6.5}
\BOOKMARK [3][-]{subsubsection.5.6.5.41}{\376\377\000z\000o\000o\000m}{subsection.5.6.5}
